<?xml version="1.0" encoding="UTF-8"?>
<testsuite name="utest Page" tests="1" skipped="0" failures="0" errors="0" timestamp="2021-11-12T20:18:53" hostname="MacBook-Pro-de-Jonny.local" time="43.2">
  <properties/>
  <testcase name="Create an account on utestcom" classname="utest Page" time="43.2"/>
  <system-out><![CDATA[]]></system-out>
  <system-err><![CDATA[[Test worker] WARN net.thucydides.core.steps.BaseStepListener - stepStarted: net.thucydides.core.steps.ExecutedStepDescription@5597c9f6
[Test worker] WARN net.thucydides.core.steps.BaseStepListener - stepStarted: net.thucydides.core.steps.ExecutedStepDescription@12413a68
[Test worker] WARN net.thucydides.core.steps.BaseStepListener - stepStarted: net.thucydides.core.steps.ExecutedStepDescription@6eb803c9
nov 12, 2021 3:18:54 PM org.openqa.selenium.remote.DesiredCapabilities chrome
INFORMACIÓN: Using `new ChromeOptions()` is preferred to `DesiredCapabilities.chrome()`
[Test worker] INFO net.serenitybdd.core.webdriver.driverproviders.ProvideNewDriver - Instantiating driver
[Test worker] INFO net.serenitybdd.core.webdriver.driverproviders.ProvideNewDriver - Driver capabilities: Capabilities {acceptInsecureCerts: false, browserName: chrome, chrome.switches: --start-maximized, goog:chromeOptions: {args: [--start-maximized], extensions: []}, loggingPrefs: org.openqa.selenium.logging..., platform: ANY, version: }
Starting ChromeDriver 95.0.4638.69 (6a1600ed572fedecd573b6c2b90a22fe6392a410-refs/branch-heads/4638@{#984}) on port 30252
Only local connections are allowed.
Please see https://chromedriver.chromium.org/security-considerations for suggestions on keeping ChromeDriver safe.
ChromeDriver was started successfully.
nov 12, 2021 3:18:58 PM org.openqa.selenium.remote.ProtocolHandshake createSession
INFORMACIÓN: Detected dialect: W3C
[Test worker] WARN net.thucydides.core.steps.BaseStepListener - stepFinished: current outcome:Create an account on utestcom:Given than Jaime wants to create an account on utestcom, he needs to click on the button Join Today [Jaime open up [Jaime opens the Utest page]]
[Test worker] WARN net.thucydides.core.steps.BaseStepListener - stepStarted: net.thucydides.core.steps.ExecutedStepDescription@700382de
[Test worker] WARN net.thucydides.core.steps.BaseStepListener - stepFinished: current outcome:Create an account on utestcom:Given than Jaime wants to create an account on utestcom, he needs to click on the button Join Today [Jaime open up [Jaime opens the Utest page, Jaime clicks on button that show us the from to user create]]
[Test worker] WARN net.thucydides.core.steps.BaseStepListener - stepFinished: current outcome:Create an account on utestcom:Given than Jaime wants to create an account on utestcom, he needs to click on the button Join Today [Jaime open up [Jaime opens the Utest page, Jaime clicks on button that show us the from to user create]]
[Test worker] WARN net.thucydides.core.steps.BaseStepListener - stepStarted: net.thucydides.core.steps.ExecutedStepDescription@34f921ff
[Test worker] WARN net.thucydides.core.steps.BaseStepListener - stepStarted: net.thucydides.core.steps.ExecutedStepDescription@46eb0407
[Test worker] WARN net.thucydides.core.steps.BaseStepListener - stepFinished: current outcome:Create an account on utestcom:Given than Jaime wants to create an account on utestcom, he needs to click on the button Join Today [Jaime open up [Jaime opens the Utest page, Jaime clicks on button that show us the from to user create], Jaime open up [Jaime opens the Utest page]]
[Test worker] WARN net.thucydides.core.steps.BaseStepListener - stepStarted: net.thucydides.core.steps.ExecutedStepDescription@6898bb
[Test worker] WARN net.thucydides.core.steps.BaseStepListener - stepFinished: current outcome:Create an account on utestcom:Given than Jaime wants to create an account on utestcom, he needs to click on the button Join Today [Jaime open up [Jaime opens the Utest page, Jaime clicks on button that show us the from to user create], Jaime open up [Jaime opens the Utest page, Jaime clicks on button that show us the from to user create]]
[Test worker] WARN net.thucydides.core.steps.BaseStepListener - stepFinished: current outcome:Create an account on utestcom:Given than Jaime wants to create an account on utestcom, he needs to click on the button Join Today [Jaime open up [Jaime opens the Utest page, Jaime clicks on button that show us the from to user create], Jaime open up [Jaime opens the Utest page, Jaime clicks on button that show us the from to user create]]
[Test worker] WARN net.thucydides.core.steps.BaseStepListener - stepFinished: current outcome:Create an account on utestcom:Given than Jaime wants to create an account on utestcom, he needs to click on the button Join Today [Jaime open up [Jaime opens the Utest page, Jaime clicks on button that show us the from to user create], Jaime open up [Jaime opens the Utest page, Jaime clicks on button that show us the from to user create]]
[Test worker] WARN net.thucydides.core.steps.BaseStepListener - stepStarted: net.thucydides.core.steps.ExecutedStepDescription@647f8098
[Test worker] WARN net.thucydides.core.steps.BaseStepListener - stepStarted: net.thucydides.core.steps.ExecutedStepDescription@1a69bb1a
[Test worker] WARN net.thucydides.core.steps.BaseStepListener - stepStarted: net.thucydides.core.steps.ExecutedStepDescription@31f751f4
[Test worker] WARN net.thucydides.core.steps.BaseStepListener - stepFinished: current outcome:Create an account on utestcom:Given than Jaime wants to create an account on utestcom, he needs to click on the button Join Today [Jaime open up [Jaime opens the Utest page, Jaime clicks on button that show us the from to user create], Jaime open up [Jaime opens the Utest page, Jaime clicks on button that show us the from to user create]], When he watch the register form to create an account
| strFirstName | strLastName | strEmail | strBirthMonth | strBirthDay | strBirthYear | strLanguages | strCity | strZip | strCountry | strComputer | strVersion | strLanguageComputer | strPassword | strConfirmPassword | checkboxStayInfo | checkboxConduct | checkboxPSP |
| Jaime | Moralez | jmoralez@sincorreo.com | April | 23 | 1988 | Spanish | Cali | 760030 | Colombia | Windows | Windiws 10 | Spanish | SinPass123456 | SinPass123456 | TRUE | TRUE | TRUE | [Jaime fill out form [Jaime enters 'Jaime' into Where do we write the first name]]
[Test worker] WARN net.thucydides.core.steps.BaseStepListener - stepStarted: net.thucydides.core.steps.ExecutedStepDescription@4251823e
[Test worker] WARN net.thucydides.core.steps.BaseStepListener - stepFinished: current outcome:Create an account on utestcom:Given than Jaime wants to create an account on utestcom, he needs to click on the button Join Today [Jaime open up [Jaime opens the Utest page, Jaime clicks on button that show us the from to user create], Jaime open up [Jaime opens the Utest page, Jaime clicks on button that show us the from to user create]], When he watch the register form to create an account
| strFirstName | strLastName | strEmail | strBirthMonth | strBirthDay | strBirthYear | strLanguages | strCity | strZip | strCountry | strComputer | strVersion | strLanguageComputer | strPassword | strConfirmPassword | checkboxStayInfo | checkboxConduct | checkboxPSP |
| Jaime | Moralez | jmoralez@sincorreo.com | April | 23 | 1988 | Spanish | Cali | 760030 | Colombia | Windows | Windiws 10 | Spanish | SinPass123456 | SinPass123456 | TRUE | TRUE | TRUE | [Jaime fill out form [Jaime enters 'Jaime' into Where do we write the first name, Jaime enters 'Moralez' into Where do we write the last name]]
[Test worker] WARN net.thucydides.core.steps.BaseStepListener - stepStarted: net.thucydides.core.steps.ExecutedStepDescription@4f0b7c8d
[Test worker] WARN net.thucydides.core.steps.BaseStepListener - stepFinished: current outcome:Create an account on utestcom:Given than Jaime wants to create an account on utestcom, he needs to click on the button Join Today [Jaime open up [Jaime opens the Utest page, Jaime clicks on button that show us the from to user create], Jaime open up [Jaime opens the Utest page, Jaime clicks on button that show us the from to user create]], When he watch the register form to create an account
| strFirstName | strLastName | strEmail | strBirthMonth | strBirthDay | strBirthYear | strLanguages | strCity | strZip | strCountry | strComputer | strVersion | strLanguageComputer | strPassword | strConfirmPassword | checkboxStayInfo | checkboxConduct | checkboxPSP |
| Jaime | Moralez | jmoralez@sincorreo.com | April | 23 | 1988 | Spanish | Cali | 760030 | Colombia | Windows | Windiws 10 | Spanish | SinPass123456 | SinPass123456 | TRUE | TRUE | TRUE | [Jaime fill out form [Jaime enters 'Jaime' into Where do we write the first name, Jaime enters 'Moralez' into Where do we write the last name, Jaime enters 'jmoralez@sincorreo.com' into Where do we write the email]]
[Test worker] WARN net.thucydides.core.steps.BaseStepListener - stepStarted: net.thucydides.core.steps.ExecutedStepDescription@1cca2082
[Test worker] WARN net.thucydides.core.steps.BaseStepListener - stepFinished: current outcome:Create an account on utestcom:Given than Jaime wants to create an account on utestcom, he needs to click on the button Join Today [Jaime open up [Jaime opens the Utest page, Jaime clicks on button that show us the from to user create], Jaime open up [Jaime opens the Utest page, Jaime clicks on button that show us the from to user create]], When he watch the register form to create an account
| strFirstName | strLastName | strEmail | strBirthMonth | strBirthDay | strBirthYear | strLanguages | strCity | strZip | strCountry | strComputer | strVersion | strLanguageComputer | strPassword | strConfirmPassword | checkboxStayInfo | checkboxConduct | checkboxPSP |
| Jaime | Moralez | jmoralez@sincorreo.com | April | 23 | 1988 | Spanish | Cali | 760030 | Colombia | Windows | Windiws 10 | Spanish | SinPass123456 | SinPass123456 | TRUE | TRUE | TRUE | [Jaime fill out form [Jaime enters 'Jaime' into Where do we write the first name, Jaime enters 'Moralez' into Where do we write the last name, Jaime enters 'jmoralez@sincorreo.com' into Where do we write the email, Jaime select April on What month were you born]]
[Test worker] WARN net.thucydides.core.steps.BaseStepListener - stepStarted: net.thucydides.core.steps.ExecutedStepDescription@72fb3550
[Test worker] WARN net.thucydides.core.steps.BaseStepListener - stepFinished: current outcome:Create an account on utestcom:Given than Jaime wants to create an account on utestcom, he needs to click on the button Join Today [Jaime open up [Jaime opens the Utest page, Jaime clicks on button that show us the from to user create], Jaime open up [Jaime opens the Utest page, Jaime clicks on button that show us the from to user create]], When he watch the register form to create an account
| strFirstName | strLastName | strEmail | strBirthMonth | strBirthDay | strBirthYear | strLanguages | strCity | strZip | strCountry | strComputer | strVersion | strLanguageComputer | strPassword | strConfirmPassword | checkboxStayInfo | checkboxConduct | checkboxPSP |
| Jaime | Moralez | jmoralez@sincorreo.com | April | 23 | 1988 | Spanish | Cali | 760030 | Colombia | Windows | Windiws 10 | Spanish | SinPass123456 | SinPass123456 | TRUE | TRUE | TRUE | [Jaime fill out form [Jaime enters 'Jaime' into Where do we write the first name, Jaime enters 'Moralez' into Where do we write the last name, Jaime enters 'jmoralez@sincorreo.com' into Where do we write the email, Jaime select April on What month were you born, Jaime select 23 on What bay were you born]]
[Test worker] WARN net.thucydides.core.steps.BaseStepListener - stepStarted: net.thucydides.core.steps.ExecutedStepDescription@61fc4134
[Test worker] WARN net.thucydides.core.steps.BaseStepListener - stepFinished: current outcome:Create an account on utestcom:Given than Jaime wants to create an account on utestcom, he needs to click on the button Join Today [Jaime open up [Jaime opens the Utest page, Jaime clicks on button that show us the from to user create], Jaime open up [Jaime opens the Utest page, Jaime clicks on button that show us the from to user create]], When he watch the register form to create an account
| strFirstName | strLastName | strEmail | strBirthMonth | strBirthDay | strBirthYear | strLanguages | strCity | strZip | strCountry | strComputer | strVersion | strLanguageComputer | strPassword | strConfirmPassword | checkboxStayInfo | checkboxConduct | checkboxPSP |
| Jaime | Moralez | jmoralez@sincorreo.com | April | 23 | 1988 | Spanish | Cali | 760030 | Colombia | Windows | Windiws 10 | Spanish | SinPass123456 | SinPass123456 | TRUE | TRUE | TRUE | [Jaime fill out form [Jaime enters 'Jaime' into Where do we write the first name, Jaime enters 'Moralez' into Where do we write the last name, Jaime enters 'jmoralez@sincorreo.com' into Where do we write the email, Jaime select April on What month were you born, Jaime select 23 on What bay were you born, Jaime select 1988 on What year were you born]]
[Test worker] WARN net.thucydides.core.steps.BaseStepListener - stepStarted: net.thucydides.core.steps.ExecutedStepDescription@6540a001
[Test worker] WARN net.thucydides.core.steps.BaseStepListener - stepFinished: current outcome:Create an account on utestcom:Given than Jaime wants to create an account on utestcom, he needs to click on the button Join Today [Jaime open up [Jaime opens the Utest page, Jaime clicks on button that show us the from to user create], Jaime open up [Jaime opens the Utest page, Jaime clicks on button that show us the from to user create]], When he watch the register form to create an account
| strFirstName | strLastName | strEmail | strBirthMonth | strBirthDay | strBirthYear | strLanguages | strCity | strZip | strCountry | strComputer | strVersion | strLanguageComputer | strPassword | strConfirmPassword | checkboxStayInfo | checkboxConduct | checkboxPSP |
| Jaime | Moralez | jmoralez@sincorreo.com | April | 23 | 1988 | Spanish | Cali | 760030 | Colombia | Windows | Windiws 10 | Spanish | SinPass123456 | SinPass123456 | TRUE | TRUE | TRUE | [Jaime fill out form [Jaime enters 'Jaime' into Where do we write the first name, Jaime enters 'Moralez' into Where do we write the last name, Jaime enters 'jmoralez@sincorreo.com' into Where do we write the email, Jaime select April on What month were you born, Jaime select 23 on What bay were you born, Jaime select 1988 on What year were you born, Jaime clicks on What year were you born]]
[Test worker] WARN net.thucydides.core.steps.BaseStepListener - stepStarted: net.thucydides.core.steps.ExecutedStepDescription@47c4b9f0
[Test worker] WARN net.thucydides.core.steps.BaseStepListener - stepFinished: current outcome:Create an account on utestcom:Given than Jaime wants to create an account on utestcom, he needs to click on the button Join Today [Jaime open up [Jaime opens the Utest page, Jaime clicks on button that show us the from to user create], Jaime open up [Jaime opens the Utest page, Jaime clicks on button that show us the from to user create]], When he watch the register form to create an account
| strFirstName | strLastName | strEmail | strBirthMonth | strBirthDay | strBirthYear | strLanguages | strCity | strZip | strCountry | strComputer | strVersion | strLanguageComputer | strPassword | strConfirmPassword | checkboxStayInfo | checkboxConduct | checkboxPSP |
| Jaime | Moralez | jmoralez@sincorreo.com | April | 23 | 1988 | Spanish | Cali | 760030 | Colombia | Windows | Windiws 10 | Spanish | SinPass123456 | SinPass123456 | TRUE | TRUE | TRUE | [Jaime fill out form [Jaime enters 'Jaime' into Where do we write the first name, Jaime enters 'Moralez' into Where do we write the last name, Jaime enters 'jmoralez@sincorreo.com' into Where do we write the email, Jaime select April on What month were you born, Jaime select 23 on What bay were you born, Jaime select 1988 on What year were you born, Jaime clicks on What year were you born, Jaime enters 'Spanish' into What year were you born]]
[Test worker] WARN net.thucydides.core.steps.BaseStepListener - stepStarted: net.thucydides.core.steps.ExecutedStepDescription@7e75bd59
[Test worker] WARN net.thucydides.core.steps.BaseStepListener - stepFinished: current outcome:Create an account on utestcom:Given than Jaime wants to create an account on utestcom, he needs to click on the button Join Today [Jaime open up [Jaime opens the Utest page, Jaime clicks on button that show us the from to user create], Jaime open up [Jaime opens the Utest page, Jaime clicks on button that show us the from to user create]], When he watch the register form to create an account
| strFirstName | strLastName | strEmail | strBirthMonth | strBirthDay | strBirthYear | strLanguages | strCity | strZip | strCountry | strComputer | strVersion | strLanguageComputer | strPassword | strConfirmPassword | checkboxStayInfo | checkboxConduct | checkboxPSP |
| Jaime | Moralez | jmoralez@sincorreo.com | April | 23 | 1988 | Spanish | Cali | 760030 | Colombia | Windows | Windiws 10 | Spanish | SinPass123456 | SinPass123456 | TRUE | TRUE | TRUE | [Jaime fill out form [Jaime enters 'Jaime' into Where do we write the first name, Jaime enters 'Moralez' into Where do we write the last name, Jaime enters 'jmoralez@sincorreo.com' into Where do we write the email, Jaime select April on What month were you born, Jaime select 23 on What bay were you born, Jaime select 1988 on What year were you born, Jaime clicks on What year were you born, Jaime enters 'Spanish' into What year were you born, Jaime clicks on Go to location]]
[Test worker] WARN net.thucydides.core.steps.BaseStepListener - stepFinished: current outcome:Create an account on utestcom:Given than Jaime wants to create an account on utestcom, he needs to click on the button Join Today [Jaime open up [Jaime opens the Utest page, Jaime clicks on button that show us the from to user create], Jaime open up [Jaime opens the Utest page, Jaime clicks on button that show us the from to user create]], When he watch the register form to create an account
| strFirstName | strLastName | strEmail | strBirthMonth | strBirthDay | strBirthYear | strLanguages | strCity | strZip | strCountry | strComputer | strVersion | strLanguageComputer | strPassword | strConfirmPassword | checkboxStayInfo | checkboxConduct | checkboxPSP |
| Jaime | Moralez | jmoralez@sincorreo.com | April | 23 | 1988 | Spanish | Cali | 760030 | Colombia | Windows | Windiws 10 | Spanish | SinPass123456 | SinPass123456 | TRUE | TRUE | TRUE | [Jaime fill out form [Jaime enters 'Jaime' into Where do we write the first name, Jaime enters 'Moralez' into Where do we write the last name, Jaime enters 'jmoralez@sincorreo.com' into Where do we write the email, Jaime select April on What month were you born, Jaime select 23 on What bay were you born, Jaime select 1988 on What year were you born, Jaime clicks on What year were you born, Jaime enters 'Spanish' into What year were you born, Jaime clicks on Go to location]]
[Test worker] WARN net.thucydides.core.steps.BaseStepListener - stepStarted: net.thucydides.core.steps.ExecutedStepDescription@14dbd10f
[Test worker] WARN net.thucydides.core.steps.BaseStepListener - stepStarted: net.thucydides.core.steps.ExecutedStepDescription@5da090f8
[Test worker] WARN net.thucydides.core.steps.BaseStepListener - stepFinished: current outcome:Create an account on utestcom:Given than Jaime wants to create an account on utestcom, he needs to click on the button Join Today [Jaime open up [Jaime opens the Utest page, Jaime clicks on button that show us the from to user create], Jaime open up [Jaime opens the Utest page, Jaime clicks on button that show us the from to user create]], When he watch the register form to create an account
| strFirstName | strLastName | strEmail | strBirthMonth | strBirthDay | strBirthYear | strLanguages | strCity | strZip | strCountry | strComputer | strVersion | strLanguageComputer | strPassword | strConfirmPassword | checkboxStayInfo | checkboxConduct | checkboxPSP |
| Jaime | Moralez | jmoralez@sincorreo.com | April | 23 | 1988 | Spanish | Cali | 760030 | Colombia | Windows | Windiws 10 | Spanish | SinPass123456 | SinPass123456 | TRUE | TRUE | TRUE | [Jaime fill out form [Jaime enters 'Jaime' into Where do we write the first name, Jaime enters 'Moralez' into Where do we write the last name, Jaime enters 'jmoralez@sincorreo.com' into Where do we write the email, Jaime select April on What month were you born, Jaime select 23 on What bay were you born, Jaime select 1988 on What year were you born, Jaime clicks on What year were you born, Jaime enters 'Spanish' into What year were you born, Jaime clicks on Go to location], Jaime fill out form location [Jaime enters 'Cali' into Where do we write the city]]
[Test worker] WARN net.thucydides.core.steps.BaseStepListener - stepStarted: net.thucydides.core.steps.ExecutedStepDescription@3ef6a533
[Test worker] WARN net.thucydides.core.steps.BaseStepListener - stepFinished: current outcome:Create an account on utestcom:Given than Jaime wants to create an account on utestcom, he needs to click on the button Join Today [Jaime open up [Jaime opens the Utest page, Jaime clicks on button that show us the from to user create], Jaime open up [Jaime opens the Utest page, Jaime clicks on button that show us the from to user create]], When he watch the register form to create an account
| strFirstName | strLastName | strEmail | strBirthMonth | strBirthDay | strBirthYear | strLanguages | strCity | strZip | strCountry | strComputer | strVersion | strLanguageComputer | strPassword | strConfirmPassword | checkboxStayInfo | checkboxConduct | checkboxPSP |
| Jaime | Moralez | jmoralez@sincorreo.com | April | 23 | 1988 | Spanish | Cali | 760030 | Colombia | Windows | Windiws 10 | Spanish | SinPass123456 | SinPass123456 | TRUE | TRUE | TRUE | [Jaime fill out form [Jaime enters 'Jaime' into Where do we write the first name, Jaime enters 'Moralez' into Where do we write the last name, Jaime enters 'jmoralez@sincorreo.com' into Where do we write the email, Jaime select April on What month were you born, Jaime select 23 on What bay were you born, Jaime select 1988 on What year were you born, Jaime clicks on What year were you born, Jaime enters 'Spanish' into What year were you born, Jaime clicks on Go to location], Jaime fill out form location [Jaime enters 'Cali' into Where do we write the city, Jaime enters '760030' into Where do we write the zip]]
[Test worker] WARN net.thucydides.core.steps.BaseStepListener - stepStarted: net.thucydides.core.steps.ExecutedStepDescription@564c6d96
[Test worker] WARN net.thucydides.core.steps.BaseStepListener - stepFinished: current outcome:Create an account on utestcom:Given than Jaime wants to create an account on utestcom, he needs to click on the button Join Today [Jaime open up [Jaime opens the Utest page, Jaime clicks on button that show us the from to user create], Jaime open up [Jaime opens the Utest page, Jaime clicks on button that show us the from to user create]], When he watch the register form to create an account
| strFirstName | strLastName | strEmail | strBirthMonth | strBirthDay | strBirthYear | strLanguages | strCity | strZip | strCountry | strComputer | strVersion | strLanguageComputer | strPassword | strConfirmPassword | checkboxStayInfo | checkboxConduct | checkboxPSP |
| Jaime | Moralez | jmoralez@sincorreo.com | April | 23 | 1988 | Spanish | Cali | 760030 | Colombia | Windows | Windiws 10 | Spanish | SinPass123456 | SinPass123456 | TRUE | TRUE | TRUE | [Jaime fill out form [Jaime enters 'Jaime' into Where do we write the first name, Jaime enters 'Moralez' into Where do we write the last name, Jaime enters 'jmoralez@sincorreo.com' into Where do we write the email, Jaime select April on What month were you born, Jaime select 23 on What bay were you born, Jaime select 1988 on What year were you born, Jaime clicks on What year were you born, Jaime enters 'Spanish' into What year were you born, Jaime clicks on Go to location], Jaime fill out form location [Jaime enters 'Cali' into Where do we write the city, Jaime enters '760030' into Where do we write the zip, Jaime clicks on Where do we write the country]]
[Test worker] WARN net.thucydides.core.steps.BaseStepListener - stepStarted: net.thucydides.core.steps.ExecutedStepDescription@4f27f627
[Test worker] WARN net.thucydides.core.steps.BaseStepListener - stepFinished: current outcome:Create an account on utestcom:Given than Jaime wants to create an account on utestcom, he needs to click on the button Join Today [Jaime open up [Jaime opens the Utest page, Jaime clicks on button that show us the from to user create], Jaime open up [Jaime opens the Utest page, Jaime clicks on button that show us the from to user create]], When he watch the register form to create an account
| strFirstName | strLastName | strEmail | strBirthMonth | strBirthDay | strBirthYear | strLanguages | strCity | strZip | strCountry | strComputer | strVersion | strLanguageComputer | strPassword | strConfirmPassword | checkboxStayInfo | checkboxConduct | checkboxPSP |
| Jaime | Moralez | jmoralez@sincorreo.com | April | 23 | 1988 | Spanish | Cali | 760030 | Colombia | Windows | Windiws 10 | Spanish | SinPass123456 | SinPass123456 | TRUE | TRUE | TRUE | [Jaime fill out form [Jaime enters 'Jaime' into Where do we write the first name, Jaime enters 'Moralez' into Where do we write the last name, Jaime enters 'jmoralez@sincorreo.com' into Where do we write the email, Jaime select April on What month were you born, Jaime select 23 on What bay were you born, Jaime select 1988 on What year were you born, Jaime clicks on What year were you born, Jaime enters 'Spanish' into What year were you born, Jaime clicks on Go to location], Jaime fill out form location [Jaime enters 'Cali' into Where do we write the city, Jaime enters '760030' into Where do we write the zip, Jaime clicks on Where do we write the country, Jaime enters 'Colombia' into Where do we write the country]]
[Test worker] WARN net.thucydides.core.steps.BaseStepListener - stepStarted: net.thucydides.core.steps.ExecutedStepDescription@4ea7b4be
[Test worker] WARN net.thucydides.core.steps.BaseStepListener - stepFinished: current outcome:Create an account on utestcom:Given than Jaime wants to create an account on utestcom, he needs to click on the button Join Today [Jaime open up [Jaime opens the Utest page, Jaime clicks on button that show us the from to user create], Jaime open up [Jaime opens the Utest page, Jaime clicks on button that show us the from to user create]], When he watch the register form to create an account
| strFirstName | strLastName | strEmail | strBirthMonth | strBirthDay | strBirthYear | strLanguages | strCity | strZip | strCountry | strComputer | strVersion | strLanguageComputer | strPassword | strConfirmPassword | checkboxStayInfo | checkboxConduct | checkboxPSP |
| Jaime | Moralez | jmoralez@sincorreo.com | April | 23 | 1988 | Spanish | Cali | 760030 | Colombia | Windows | Windiws 10 | Spanish | SinPass123456 | SinPass123456 | TRUE | TRUE | TRUE | [Jaime fill out form [Jaime enters 'Jaime' into Where do we write the first name, Jaime enters 'Moralez' into Where do we write the last name, Jaime enters 'jmoralez@sincorreo.com' into Where do we write the email, Jaime select April on What month were you born, Jaime select 23 on What bay were you born, Jaime select 1988 on What year were you born, Jaime clicks on What year were you born, Jaime enters 'Spanish' into What year were you born, Jaime clicks on Go to location], Jaime fill out form location [Jaime enters 'Cali' into Where do we write the city, Jaime enters '760030' into Where do we write the zip, Jaime clicks on Where do we write the country, Jaime enters 'Colombia' into Where do we write the country, Jaime clicks on Go to devices]]
[Test worker] WARN net.thucydides.core.steps.BaseStepListener - stepFinished: current outcome:Create an account on utestcom:Given than Jaime wants to create an account on utestcom, he needs to click on the button Join Today [Jaime open up [Jaime opens the Utest page, Jaime clicks on button that show us the from to user create], Jaime open up [Jaime opens the Utest page, Jaime clicks on button that show us the from to user create]], When he watch the register form to create an account
| strFirstName | strLastName | strEmail | strBirthMonth | strBirthDay | strBirthYear | strLanguages | strCity | strZip | strCountry | strComputer | strVersion | strLanguageComputer | strPassword | strConfirmPassword | checkboxStayInfo | checkboxConduct | checkboxPSP |
| Jaime | Moralez | jmoralez@sincorreo.com | April | 23 | 1988 | Spanish | Cali | 760030 | Colombia | Windows | Windiws 10 | Spanish | SinPass123456 | SinPass123456 | TRUE | TRUE | TRUE | [Jaime fill out form [Jaime enters 'Jaime' into Where do we write the first name, Jaime enters 'Moralez' into Where do we write the last name, Jaime enters 'jmoralez@sincorreo.com' into Where do we write the email, Jaime select April on What month were you born, Jaime select 23 on What bay were you born, Jaime select 1988 on What year were you born, Jaime clicks on What year were you born, Jaime enters 'Spanish' into What year were you born, Jaime clicks on Go to location], Jaime fill out form location [Jaime enters 'Cali' into Where do we write the city, Jaime enters '760030' into Where do we write the zip, Jaime clicks on Where do we write the country, Jaime enters 'Colombia' into Where do we write the country, Jaime clicks on Go to devices]]
[Test worker] WARN net.thucydides.core.steps.BaseStepListener - stepStarted: net.thucydides.core.steps.ExecutedStepDescription@6707d61
[Test worker] WARN net.thucydides.core.steps.BaseStepListener - stepStarted: net.thucydides.core.steps.ExecutedStepDescription@7b7bc0a1
[Test worker] WARN net.thucydides.core.steps.BaseStepListener - stepFinished: current outcome:Create an account on utestcom:Given than Jaime wants to create an account on utestcom, he needs to click on the button Join Today [Jaime open up [Jaime opens the Utest page, Jaime clicks on button that show us the from to user create], Jaime open up [Jaime opens the Utest page, Jaime clicks on button that show us the from to user create]], When he watch the register form to create an account
| strFirstName | strLastName | strEmail | strBirthMonth | strBirthDay | strBirthYear | strLanguages | strCity | strZip | strCountry | strComputer | strVersion | strLanguageComputer | strPassword | strConfirmPassword | checkboxStayInfo | checkboxConduct | checkboxPSP |
| Jaime | Moralez | jmoralez@sincorreo.com | April | 23 | 1988 | Spanish | Cali | 760030 | Colombia | Windows | Windiws 10 | Spanish | SinPass123456 | SinPass123456 | TRUE | TRUE | TRUE | [Jaime fill out form [Jaime enters 'Jaime' into Where do we write the first name, Jaime enters 'Moralez' into Where do we write the last name, Jaime enters 'jmoralez@sincorreo.com' into Where do we write the email, Jaime select April on What month were you born, Jaime select 23 on What bay were you born, Jaime select 1988 on What year were you born, Jaime clicks on What year were you born, Jaime enters 'Spanish' into What year were you born, Jaime clicks on Go to location], Jaime fill out form location [Jaime enters 'Cali' into Where do we write the city, Jaime enters '760030' into Where do we write the zip, Jaime clicks on Where do we write the country, Jaime enters 'Colombia' into Where do we write the country, Jaime clicks on Go to devices], Jaime fill out form devices [Jaime clicks on Where do we write the first name]]
[Test worker] WARN net.thucydides.core.steps.BaseStepListener - stepStarted: net.thucydides.core.steps.ExecutedStepDescription@64410bfd
[Test worker] WARN net.thucydides.core.steps.BaseStepListener - stepFinished: current outcome:Create an account on utestcom:Given than Jaime wants to create an account on utestcom, he needs to click on the button Join Today [Jaime open up [Jaime opens the Utest page, Jaime clicks on button that show us the from to user create], Jaime open up [Jaime opens the Utest page, Jaime clicks on button that show us the from to user create]], When he watch the register form to create an account
| strFirstName | strLastName | strEmail | strBirthMonth | strBirthDay | strBirthYear | strLanguages | strCity | strZip | strCountry | strComputer | strVersion | strLanguageComputer | strPassword | strConfirmPassword | checkboxStayInfo | checkboxConduct | checkboxPSP |
| Jaime | Moralez | jmoralez@sincorreo.com | April | 23 | 1988 | Spanish | Cali | 760030 | Colombia | Windows | Windiws 10 | Spanish | SinPass123456 | SinPass123456 | TRUE | TRUE | TRUE | [Jaime fill out form [Jaime enters 'Jaime' into Where do we write the first name, Jaime enters 'Moralez' into Where do we write the last name, Jaime enters 'jmoralez@sincorreo.com' into Where do we write the email, Jaime select April on What month were you born, Jaime select 23 on What bay were you born, Jaime select 1988 on What year were you born, Jaime clicks on What year were you born, Jaime enters 'Spanish' into What year were you born, Jaime clicks on Go to location], Jaime fill out form location [Jaime enters 'Cali' into Where do we write the city, Jaime enters '760030' into Where do we write the zip, Jaime clicks on Where do we write the country, Jaime enters 'Colombia' into Where do we write the country, Jaime clicks on Go to devices], Jaime fill out form devices [Jaime clicks on Where do we write the first name, Jaime enters 'Windows' into ]]
[Test worker] WARN net.thucydides.core.steps.BaseStepListener - stepStarted: net.thucydides.core.steps.ExecutedStepDescription@7fbfd53d
[Test worker] WARN net.thucydides.core.steps.BaseStepListener - stepFinished: current outcome:Create an account on utestcom:Given than Jaime wants to create an account on utestcom, he needs to click on the button Join Today [Jaime open up [Jaime opens the Utest page, Jaime clicks on button that show us the from to user create], Jaime open up [Jaime opens the Utest page, Jaime clicks on button that show us the from to user create]], When he watch the register form to create an account
| strFirstName | strLastName | strEmail | strBirthMonth | strBirthDay | strBirthYear | strLanguages | strCity | strZip | strCountry | strComputer | strVersion | strLanguageComputer | strPassword | strConfirmPassword | checkboxStayInfo | checkboxConduct | checkboxPSP |
| Jaime | Moralez | jmoralez@sincorreo.com | April | 23 | 1988 | Spanish | Cali | 760030 | Colombia | Windows | Windiws 10 | Spanish | SinPass123456 | SinPass123456 | TRUE | TRUE | TRUE | [Jaime fill out form [Jaime enters 'Jaime' into Where do we write the first name, Jaime enters 'Moralez' into Where do we write the last name, Jaime enters 'jmoralez@sincorreo.com' into Where do we write the email, Jaime select April on What month were you born, Jaime select 23 on What bay were you born, Jaime select 1988 on What year were you born, Jaime clicks on What year were you born, Jaime enters 'Spanish' into What year were you born, Jaime clicks on Go to location], Jaime fill out form location [Jaime enters 'Cali' into Where do we write the city, Jaime enters '760030' into Where do we write the zip, Jaime clicks on Where do we write the country, Jaime enters 'Colombia' into Where do we write the country, Jaime clicks on Go to devices], Jaime fill out form devices [Jaime clicks on Where do we write the first name, Jaime enters 'Windows' into , Jaime clicks on ]]
[Test worker] WARN net.thucydides.core.steps.BaseStepListener - stepStarted: net.thucydides.core.steps.ExecutedStepDescription@2e61b389
[Test worker] WARN net.thucydides.core.steps.BaseStepListener - stepFinished: current outcome:Create an account on utestcom:Given than Jaime wants to create an account on utestcom, he needs to click on the button Join Today [Jaime open up [Jaime opens the Utest page, Jaime clicks on button that show us the from to user create], Jaime open up [Jaime opens the Utest page, Jaime clicks on button that show us the from to user create]], When he watch the register form to create an account
| strFirstName | strLastName | strEmail | strBirthMonth | strBirthDay | strBirthYear | strLanguages | strCity | strZip | strCountry | strComputer | strVersion | strLanguageComputer | strPassword | strConfirmPassword | checkboxStayInfo | checkboxConduct | checkboxPSP |
| Jaime | Moralez | jmoralez@sincorreo.com | April | 23 | 1988 | Spanish | Cali | 760030 | Colombia | Windows | Windiws 10 | Spanish | SinPass123456 | SinPass123456 | TRUE | TRUE | TRUE | [Jaime fill out form [Jaime enters 'Jaime' into Where do we write the first name, Jaime enters 'Moralez' into Where do we write the last name, Jaime enters 'jmoralez@sincorreo.com' into Where do we write the email, Jaime select April on What month were you born, Jaime select 23 on What bay were you born, Jaime select 1988 on What year were you born, Jaime clicks on What year were you born, Jaime enters 'Spanish' into What year were you born, Jaime clicks on Go to location], Jaime fill out form location [Jaime enters 'Cali' into Where do we write the city, Jaime enters '760030' into Where do we write the zip, Jaime clicks on Where do we write the country, Jaime enters 'Colombia' into Where do we write the country, Jaime clicks on Go to devices], Jaime fill out form devices [Jaime clicks on Where do we write the first name, Jaime enters 'Windows' into , Jaime clicks on , Jaime enters 'Windiws 10' into ]]
[Test worker] WARN net.thucydides.core.steps.BaseStepListener - stepStarted: net.thucydides.core.steps.ExecutedStepDescription@50a2ee37
[Test worker] WARN net.thucydides.core.steps.BaseStepListener - stepFinished: current outcome:Create an account on utestcom:Given than Jaime wants to create an account on utestcom, he needs to click on the button Join Today [Jaime open up [Jaime opens the Utest page, Jaime clicks on button that show us the from to user create], Jaime open up [Jaime opens the Utest page, Jaime clicks on button that show us the from to user create]], When he watch the register form to create an account
| strFirstName | strLastName | strEmail | strBirthMonth | strBirthDay | strBirthYear | strLanguages | strCity | strZip | strCountry | strComputer | strVersion | strLanguageComputer | strPassword | strConfirmPassword | checkboxStayInfo | checkboxConduct | checkboxPSP |
| Jaime | Moralez | jmoralez@sincorreo.com | April | 23 | 1988 | Spanish | Cali | 760030 | Colombia | Windows | Windiws 10 | Spanish | SinPass123456 | SinPass123456 | TRUE | TRUE | TRUE | [Jaime fill out form [Jaime enters 'Jaime' into Where do we write the first name, Jaime enters 'Moralez' into Where do we write the last name, Jaime enters 'jmoralez@sincorreo.com' into Where do we write the email, Jaime select April on What month were you born, Jaime select 23 on What bay were you born, Jaime select 1988 on What year were you born, Jaime clicks on What year were you born, Jaime enters 'Spanish' into What year were you born, Jaime clicks on Go to location], Jaime fill out form location [Jaime enters 'Cali' into Where do we write the city, Jaime enters '760030' into Where do we write the zip, Jaime clicks on Where do we write the country, Jaime enters 'Colombia' into Where do we write the country, Jaime clicks on Go to devices], Jaime fill out form devices [Jaime clicks on Where do we write the first name, Jaime enters 'Windows' into , Jaime clicks on , Jaime enters 'Windiws 10' into , Jaime clicks on ]]
[Test worker] WARN net.thucydides.core.steps.BaseStepListener - stepStarted: net.thucydides.core.steps.ExecutedStepDescription@76969495
[Test worker] WARN net.thucydides.core.steps.BaseStepListener - stepFinished: current outcome:Create an account on utestcom:Given than Jaime wants to create an account on utestcom, he needs to click on the button Join Today [Jaime open up [Jaime opens the Utest page, Jaime clicks on button that show us the from to user create], Jaime open up [Jaime opens the Utest page, Jaime clicks on button that show us the from to user create]], When he watch the register form to create an account
| strFirstName | strLastName | strEmail | strBirthMonth | strBirthDay | strBirthYear | strLanguages | strCity | strZip | strCountry | strComputer | strVersion | strLanguageComputer | strPassword | strConfirmPassword | checkboxStayInfo | checkboxConduct | checkboxPSP |
| Jaime | Moralez | jmoralez@sincorreo.com | April | 23 | 1988 | Spanish | Cali | 760030 | Colombia | Windows | Windiws 10 | Spanish | SinPass123456 | SinPass123456 | TRUE | TRUE | TRUE | [Jaime fill out form [Jaime enters 'Jaime' into Where do we write the first name, Jaime enters 'Moralez' into Where do we write the last name, Jaime enters 'jmoralez@sincorreo.com' into Where do we write the email, Jaime select April on What month were you born, Jaime select 23 on What bay were you born, Jaime select 1988 on What year were you born, Jaime clicks on What year were you born, Jaime enters 'Spanish' into What year were you born, Jaime clicks on Go to location], Jaime fill out form location [Jaime enters 'Cali' into Where do we write the city, Jaime enters '760030' into Where do we write the zip, Jaime clicks on Where do we write the country, Jaime enters 'Colombia' into Where do we write the country, Jaime clicks on Go to devices], Jaime fill out form devices [Jaime clicks on Where do we write the first name, Jaime enters 'Windows' into , Jaime clicks on , Jaime enters 'Windiws 10' into , Jaime clicks on , Jaime enters 'Spanish' into ]]
[Test worker] WARN net.thucydides.core.steps.BaseStepListener - stepStarted: net.thucydides.core.steps.ExecutedStepDescription@20f342c3
[Test worker] WARN net.thucydides.core.steps.BaseStepListener - stepFinished: current outcome:Create an account on utestcom:Given than Jaime wants to create an account on utestcom, he needs to click on the button Join Today [Jaime open up [Jaime opens the Utest page, Jaime clicks on button that show us the from to user create], Jaime open up [Jaime opens the Utest page, Jaime clicks on button that show us the from to user create]], When he watch the register form to create an account
| strFirstName | strLastName | strEmail | strBirthMonth | strBirthDay | strBirthYear | strLanguages | strCity | strZip | strCountry | strComputer | strVersion | strLanguageComputer | strPassword | strConfirmPassword | checkboxStayInfo | checkboxConduct | checkboxPSP |
| Jaime | Moralez | jmoralez@sincorreo.com | April | 23 | 1988 | Spanish | Cali | 760030 | Colombia | Windows | Windiws 10 | Spanish | SinPass123456 | SinPass123456 | TRUE | TRUE | TRUE | [Jaime fill out form [Jaime enters 'Jaime' into Where do we write the first name, Jaime enters 'Moralez' into Where do we write the last name, Jaime enters 'jmoralez@sincorreo.com' into Where do we write the email, Jaime select April on What month were you born, Jaime select 23 on What bay were you born, Jaime select 1988 on What year were you born, Jaime clicks on What year were you born, Jaime enters 'Spanish' into What year were you born, Jaime clicks on Go to location], Jaime fill out form location [Jaime enters 'Cali' into Where do we write the city, Jaime enters '760030' into Where do we write the zip, Jaime clicks on Where do we write the country, Jaime enters 'Colombia' into Where do we write the country, Jaime clicks on Go to devices], Jaime fill out form devices [Jaime clicks on Where do we write the first name, Jaime enters 'Windows' into , Jaime clicks on , Jaime enters 'Windiws 10' into , Jaime clicks on , Jaime enters 'Spanish' into , Jaime clicks on ]]
[Test worker] WARN net.thucydides.core.steps.BaseStepListener - stepFinished: current outcome:Create an account on utestcom:Given than Jaime wants to create an account on utestcom, he needs to click on the button Join Today [Jaime open up [Jaime opens the Utest page, Jaime clicks on button that show us the from to user create], Jaime open up [Jaime opens the Utest page, Jaime clicks on button that show us the from to user create]], When he watch the register form to create an account
| strFirstName | strLastName | strEmail | strBirthMonth | strBirthDay | strBirthYear | strLanguages | strCity | strZip | strCountry | strComputer | strVersion | strLanguageComputer | strPassword | strConfirmPassword | checkboxStayInfo | checkboxConduct | checkboxPSP |
| Jaime | Moralez | jmoralez@sincorreo.com | April | 23 | 1988 | Spanish | Cali | 760030 | Colombia | Windows | Windiws 10 | Spanish | SinPass123456 | SinPass123456 | TRUE | TRUE | TRUE | [Jaime fill out form [Jaime enters 'Jaime' into Where do we write the first name, Jaime enters 'Moralez' into Where do we write the last name, Jaime enters 'jmoralez@sincorreo.com' into Where do we write the email, Jaime select April on What month were you born, Jaime select 23 on What bay were you born, Jaime select 1988 on What year were you born, Jaime clicks on What year were you born, Jaime enters 'Spanish' into What year were you born, Jaime clicks on Go to location], Jaime fill out form location [Jaime enters 'Cali' into Where do we write the city, Jaime enters '760030' into Where do we write the zip, Jaime clicks on Where do we write the country, Jaime enters 'Colombia' into Where do we write the country, Jaime clicks on Go to devices], Jaime fill out form devices [Jaime clicks on Where do we write the first name, Jaime enters 'Windows' into , Jaime clicks on , Jaime enters 'Windiws 10' into , Jaime clicks on , Jaime enters 'Spanish' into , Jaime clicks on ]]
[Test worker] WARN net.thucydides.core.steps.BaseStepListener - stepStarted: net.thucydides.core.steps.ExecutedStepDescription@1688ff7f
[Test worker] WARN net.thucydides.core.steps.BaseStepListener - stepStarted: net.thucydides.core.steps.ExecutedStepDescription@12fc328f
[Test worker] WARN net.thucydides.core.steps.BaseStepListener - stepFinished: current outcome:Create an account on utestcom:Given than Jaime wants to create an account on utestcom, he needs to click on the button Join Today [Jaime open up [Jaime opens the Utest page, Jaime clicks on button that show us the from to user create], Jaime open up [Jaime opens the Utest page, Jaime clicks on button that show us the from to user create]], When he watch the register form to create an account
| strFirstName | strLastName | strEmail | strBirthMonth | strBirthDay | strBirthYear | strLanguages | strCity | strZip | strCountry | strComputer | strVersion | strLanguageComputer | strPassword | strConfirmPassword | checkboxStayInfo | checkboxConduct | checkboxPSP |
| Jaime | Moralez | jmoralez@sincorreo.com | April | 23 | 1988 | Spanish | Cali | 760030 | Colombia | Windows | Windiws 10 | Spanish | SinPass123456 | SinPass123456 | TRUE | TRUE | TRUE | [Jaime fill out form [Jaime enters 'Jaime' into Where do we write the first name, Jaime enters 'Moralez' into Where do we write the last name, Jaime enters 'jmoralez@sincorreo.com' into Where do we write the email, Jaime select April on What month were you born, Jaime select 23 on What bay were you born, Jaime select 1988 on What year were you born, Jaime clicks on What year were you born, Jaime enters 'Spanish' into What year were you born, Jaime clicks on Go to location], Jaime fill out form location [Jaime enters 'Cali' into Where do we write the city, Jaime enters '760030' into Where do we write the zip, Jaime clicks on Where do we write the country, Jaime enters 'Colombia' into Where do we write the country, Jaime clicks on Go to devices], Jaime fill out form devices [Jaime clicks on Where do we write the first name, Jaime enters 'Windows' into , Jaime clicks on , Jaime enters 'Windiws 10' into , Jaime clicks on , Jaime enters 'Spanish' into , Jaime clicks on ], Jaime fill out form complete [Jaime clicks on ]]
[Test worker] WARN net.thucydides.core.steps.BaseStepListener - stepStarted: net.thucydides.core.steps.ExecutedStepDescription@6b6d7416
[Test worker] WARN net.thucydides.core.steps.BaseStepListener - stepFinished: current outcome:Create an account on utestcom:Given than Jaime wants to create an account on utestcom, he needs to click on the button Join Today [Jaime open up [Jaime opens the Utest page, Jaime clicks on button that show us the from to user create], Jaime open up [Jaime opens the Utest page, Jaime clicks on button that show us the from to user create]], When he watch the register form to create an account
| strFirstName | strLastName | strEmail | strBirthMonth | strBirthDay | strBirthYear | strLanguages | strCity | strZip | strCountry | strComputer | strVersion | strLanguageComputer | strPassword | strConfirmPassword | checkboxStayInfo | checkboxConduct | checkboxPSP |
| Jaime | Moralez | jmoralez@sincorreo.com | April | 23 | 1988 | Spanish | Cali | 760030 | Colombia | Windows | Windiws 10 | Spanish | SinPass123456 | SinPass123456 | TRUE | TRUE | TRUE | [Jaime fill out form [Jaime enters 'Jaime' into Where do we write the first name, Jaime enters 'Moralez' into Where do we write the last name, Jaime enters 'jmoralez@sincorreo.com' into Where do we write the email, Jaime select April on What month were you born, Jaime select 23 on What bay were you born, Jaime select 1988 on What year were you born, Jaime clicks on What year were you born, Jaime enters 'Spanish' into What year were you born, Jaime clicks on Go to location], Jaime fill out form location [Jaime enters 'Cali' into Where do we write the city, Jaime enters '760030' into Where do we write the zip, Jaime clicks on Where do we write the country, Jaime enters 'Colombia' into Where do we write the country, Jaime clicks on Go to devices], Jaime fill out form devices [Jaime clicks on Where do we write the first name, Jaime enters 'Windows' into , Jaime clicks on , Jaime enters 'Windiws 10' into , Jaime clicks on , Jaime enters 'Spanish' into , Jaime clicks on ], Jaime fill out form complete [Jaime clicks on , Jaime enters 'SinPass123456' into ]]
[Test worker] WARN net.thucydides.core.steps.BaseStepListener - stepStarted: net.thucydides.core.steps.ExecutedStepDescription@6b282f15
[Test worker] WARN net.thucydides.core.steps.BaseStepListener - stepFinished: current outcome:Create an account on utestcom:Given than Jaime wants to create an account on utestcom, he needs to click on the button Join Today [Jaime open up [Jaime opens the Utest page, Jaime clicks on button that show us the from to user create], Jaime open up [Jaime opens the Utest page, Jaime clicks on button that show us the from to user create]], When he watch the register form to create an account
| strFirstName | strLastName | strEmail | strBirthMonth | strBirthDay | strBirthYear | strLanguages | strCity | strZip | strCountry | strComputer | strVersion | strLanguageComputer | strPassword | strConfirmPassword | checkboxStayInfo | checkboxConduct | checkboxPSP |
| Jaime | Moralez | jmoralez@sincorreo.com | April | 23 | 1988 | Spanish | Cali | 760030 | Colombia | Windows | Windiws 10 | Spanish | SinPass123456 | SinPass123456 | TRUE | TRUE | TRUE | [Jaime fill out form [Jaime enters 'Jaime' into Where do we write the first name, Jaime enters 'Moralez' into Where do we write the last name, Jaime enters 'jmoralez@sincorreo.com' into Where do we write the email, Jaime select April on What month were you born, Jaime select 23 on What bay were you born, Jaime select 1988 on What year were you born, Jaime clicks on What year were you born, Jaime enters 'Spanish' into What year were you born, Jaime clicks on Go to location], Jaime fill out form location [Jaime enters 'Cali' into Where do we write the city, Jaime enters '760030' into Where do we write the zip, Jaime clicks on Where do we write the country, Jaime enters 'Colombia' into Where do we write the country, Jaime clicks on Go to devices], Jaime fill out form devices [Jaime clicks on Where do we write the first name, Jaime enters 'Windows' into , Jaime clicks on , Jaime enters 'Windiws 10' into , Jaime clicks on , Jaime enters 'Spanish' into , Jaime clicks on ], Jaime fill out form complete [Jaime clicks on , Jaime enters 'SinPass123456' into , Jaime clicks on ]]
[Test worker] WARN net.thucydides.core.steps.BaseStepListener - stepStarted: net.thucydides.core.steps.ExecutedStepDescription@5721d09c
[Test worker] WARN net.thucydides.core.steps.BaseStepListener - stepFinished: current outcome:Create an account on utestcom:Given than Jaime wants to create an account on utestcom, he needs to click on the button Join Today [Jaime open up [Jaime opens the Utest page, Jaime clicks on button that show us the from to user create], Jaime open up [Jaime opens the Utest page, Jaime clicks on button that show us the from to user create]], When he watch the register form to create an account
| strFirstName | strLastName | strEmail | strBirthMonth | strBirthDay | strBirthYear | strLanguages | strCity | strZip | strCountry | strComputer | strVersion | strLanguageComputer | strPassword | strConfirmPassword | checkboxStayInfo | checkboxConduct | checkboxPSP |
| Jaime | Moralez | jmoralez@sincorreo.com | April | 23 | 1988 | Spanish | Cali | 760030 | Colombia | Windows | Windiws 10 | Spanish | SinPass123456 | SinPass123456 | TRUE | TRUE | TRUE | [Jaime fill out form [Jaime enters 'Jaime' into Where do we write the first name, Jaime enters 'Moralez' into Where do we write the last name, Jaime enters 'jmoralez@sincorreo.com' into Where do we write the email, Jaime select April on What month were you born, Jaime select 23 on What bay were you born, Jaime select 1988 on What year were you born, Jaime clicks on What year were you born, Jaime enters 'Spanish' into What year were you born, Jaime clicks on Go to location], Jaime fill out form location [Jaime enters 'Cali' into Where do we write the city, Jaime enters '760030' into Where do we write the zip, Jaime clicks on Where do we write the country, Jaime enters 'Colombia' into Where do we write the country, Jaime clicks on Go to devices], Jaime fill out form devices [Jaime clicks on Where do we write the first name, Jaime enters 'Windows' into , Jaime clicks on , Jaime enters 'Windiws 10' into , Jaime clicks on , Jaime enters 'Spanish' into , Jaime clicks on ], Jaime fill out form complete [Jaime clicks on , Jaime enters 'SinPass123456' into , Jaime clicks on , Jaime enters 'SinPass123456' into ]]
[Test worker] WARN net.thucydides.core.steps.BaseStepListener - stepStarted: net.thucydides.core.steps.ExecutedStepDescription@61dfa4fa
[Test worker] WARN net.thucydides.core.steps.BaseStepListener - stepFinished: current outcome:Create an account on utestcom:Given than Jaime wants to create an account on utestcom, he needs to click on the button Join Today [Jaime open up [Jaime opens the Utest page, Jaime clicks on button that show us the from to user create], Jaime open up [Jaime opens the Utest page, Jaime clicks on button that show us the from to user create]], When he watch the register form to create an account
| strFirstName | strLastName | strEmail | strBirthMonth | strBirthDay | strBirthYear | strLanguages | strCity | strZip | strCountry | strComputer | strVersion | strLanguageComputer | strPassword | strConfirmPassword | checkboxStayInfo | checkboxConduct | checkboxPSP |
| Jaime | Moralez | jmoralez@sincorreo.com | April | 23 | 1988 | Spanish | Cali | 760030 | Colombia | Windows | Windiws 10 | Spanish | SinPass123456 | SinPass123456 | TRUE | TRUE | TRUE | [Jaime fill out form [Jaime enters 'Jaime' into Where do we write the first name, Jaime enters 'Moralez' into Where do we write the last name, Jaime enters 'jmoralez@sincorreo.com' into Where do we write the email, Jaime select April on What month were you born, Jaime select 23 on What bay were you born, Jaime select 1988 on What year were you born, Jaime clicks on What year were you born, Jaime enters 'Spanish' into What year were you born, Jaime clicks on Go to location], Jaime fill out form location [Jaime enters 'Cali' into Where do we write the city, Jaime enters '760030' into Where do we write the zip, Jaime clicks on Where do we write the country, Jaime enters 'Colombia' into Where do we write the country, Jaime clicks on Go to devices], Jaime fill out form devices [Jaime clicks on Where do we write the first name, Jaime enters 'Windows' into , Jaime clicks on , Jaime enters 'Windiws 10' into , Jaime clicks on , Jaime enters 'Spanish' into , Jaime clicks on ], Jaime fill out form complete [Jaime clicks on , Jaime enters 'SinPass123456' into , Jaime clicks on , Jaime enters 'SinPass123456' into , Jaime clicks on ]]
[Test worker] WARN net.thucydides.core.steps.BaseStepListener - stepStarted: net.thucydides.core.steps.ExecutedStepDescription@4642c681
[Test worker] WARN net.thucydides.core.steps.BaseStepListener - stepFinished: current outcome:Create an account on utestcom:Given than Jaime wants to create an account on utestcom, he needs to click on the button Join Today [Jaime open up [Jaime opens the Utest page, Jaime clicks on button that show us the from to user create], Jaime open up [Jaime opens the Utest page, Jaime clicks on button that show us the from to user create]], When he watch the register form to create an account
| strFirstName | strLastName | strEmail | strBirthMonth | strBirthDay | strBirthYear | strLanguages | strCity | strZip | strCountry | strComputer | strVersion | strLanguageComputer | strPassword | strConfirmPassword | checkboxStayInfo | checkboxConduct | checkboxPSP |
| Jaime | Moralez | jmoralez@sincorreo.com | April | 23 | 1988 | Spanish | Cali | 760030 | Colombia | Windows | Windiws 10 | Spanish | SinPass123456 | SinPass123456 | TRUE | TRUE | TRUE | [Jaime fill out form [Jaime enters 'Jaime' into Where do we write the first name, Jaime enters 'Moralez' into Where do we write the last name, Jaime enters 'jmoralez@sincorreo.com' into Where do we write the email, Jaime select April on What month were you born, Jaime select 23 on What bay were you born, Jaime select 1988 on What year were you born, Jaime clicks on What year were you born, Jaime enters 'Spanish' into What year were you born, Jaime clicks on Go to location], Jaime fill out form location [Jaime enters 'Cali' into Where do we write the city, Jaime enters '760030' into Where do we write the zip, Jaime clicks on Where do we write the country, Jaime enters 'Colombia' into Where do we write the country, Jaime clicks on Go to devices], Jaime fill out form devices [Jaime clicks on Where do we write the first name, Jaime enters 'Windows' into , Jaime clicks on , Jaime enters 'Windiws 10' into , Jaime clicks on , Jaime enters 'Spanish' into , Jaime clicks on ], Jaime fill out form complete [Jaime clicks on , Jaime enters 'SinPass123456' into , Jaime clicks on , Jaime enters 'SinPass123456' into , Jaime clicks on , Jaime clicks on ]]
[Test worker] WARN net.thucydides.core.steps.BaseStepListener - stepStarted: net.thucydides.core.steps.ExecutedStepDescription@4e83436b
[Test worker] WARN net.thucydides.core.steps.BaseStepListener - stepFinished: current outcome:Create an account on utestcom:Given than Jaime wants to create an account on utestcom, he needs to click on the button Join Today [Jaime open up [Jaime opens the Utest page, Jaime clicks on button that show us the from to user create], Jaime open up [Jaime opens the Utest page, Jaime clicks on button that show us the from to user create]], When he watch the register form to create an account
| strFirstName | strLastName | strEmail | strBirthMonth | strBirthDay | strBirthYear | strLanguages | strCity | strZip | strCountry | strComputer | strVersion | strLanguageComputer | strPassword | strConfirmPassword | checkboxStayInfo | checkboxConduct | checkboxPSP |
| Jaime | Moralez | jmoralez@sincorreo.com | April | 23 | 1988 | Spanish | Cali | 760030 | Colombia | Windows | Windiws 10 | Spanish | SinPass123456 | SinPass123456 | TRUE | TRUE | TRUE | [Jaime fill out form [Jaime enters 'Jaime' into Where do we write the first name, Jaime enters 'Moralez' into Where do we write the last name, Jaime enters 'jmoralez@sincorreo.com' into Where do we write the email, Jaime select April on What month were you born, Jaime select 23 on What bay were you born, Jaime select 1988 on What year were you born, Jaime clicks on What year were you born, Jaime enters 'Spanish' into What year were you born, Jaime clicks on Go to location], Jaime fill out form location [Jaime enters 'Cali' into Where do we write the city, Jaime enters '760030' into Where do we write the zip, Jaime clicks on Where do we write the country, Jaime enters 'Colombia' into Where do we write the country, Jaime clicks on Go to devices], Jaime fill out form devices [Jaime clicks on Where do we write the first name, Jaime enters 'Windows' into , Jaime clicks on , Jaime enters 'Windiws 10' into , Jaime clicks on , Jaime enters 'Spanish' into , Jaime clicks on ], Jaime fill out form complete [Jaime clicks on , Jaime enters 'SinPass123456' into , Jaime clicks on , Jaime enters 'SinPass123456' into , Jaime clicks on , Jaime clicks on , Jaime clicks on ]]
[Test worker] WARN net.thucydides.core.steps.BaseStepListener - stepFinished: current outcome:Create an account on utestcom:Given than Jaime wants to create an account on utestcom, he needs to click on the button Join Today [Jaime open up [Jaime opens the Utest page, Jaime clicks on button that show us the from to user create], Jaime open up [Jaime opens the Utest page, Jaime clicks on button that show us the from to user create]], When he watch the register form to create an account
| strFirstName | strLastName | strEmail | strBirthMonth | strBirthDay | strBirthYear | strLanguages | strCity | strZip | strCountry | strComputer | strVersion | strLanguageComputer | strPassword | strConfirmPassword | checkboxStayInfo | checkboxConduct | checkboxPSP |
| Jaime | Moralez | jmoralez@sincorreo.com | April | 23 | 1988 | Spanish | Cali | 760030 | Colombia | Windows | Windiws 10 | Spanish | SinPass123456 | SinPass123456 | TRUE | TRUE | TRUE | [Jaime fill out form [Jaime enters 'Jaime' into Where do we write the first name, Jaime enters 'Moralez' into Where do we write the last name, Jaime enters 'jmoralez@sincorreo.com' into Where do we write the email, Jaime select April on What month were you born, Jaime select 23 on What bay were you born, Jaime select 1988 on What year were you born, Jaime clicks on What year were you born, Jaime enters 'Spanish' into What year were you born, Jaime clicks on Go to location], Jaime fill out form location [Jaime enters 'Cali' into Where do we write the city, Jaime enters '760030' into Where do we write the zip, Jaime clicks on Where do we write the country, Jaime enters 'Colombia' into Where do we write the country, Jaime clicks on Go to devices], Jaime fill out form devices [Jaime clicks on Where do we write the first name, Jaime enters 'Windows' into , Jaime clicks on , Jaime enters 'Windiws 10' into , Jaime clicks on , Jaime enters 'Spanish' into , Jaime clicks on ], Jaime fill out form complete [Jaime clicks on , Jaime enters 'SinPass123456' into , Jaime clicks on , Jaime enters 'SinPass123456' into , Jaime clicks on , Jaime clicks on , Jaime clicks on ]]
[Test worker] WARN net.thucydides.core.steps.BaseStepListener - stepFinished: current outcome:Create an account on utestcom:Given than Jaime wants to create an account on utestcom, he needs to click on the button Join Today [Jaime open up [Jaime opens the Utest page, Jaime clicks on button that show us the from to user create], Jaime open up [Jaime opens the Utest page, Jaime clicks on button that show us the from to user create]], When he watch the register form to create an account
| strFirstName | strLastName | strEmail | strBirthMonth | strBirthDay | strBirthYear | strLanguages | strCity | strZip | strCountry | strComputer | strVersion | strLanguageComputer | strPassword | strConfirmPassword | checkboxStayInfo | checkboxConduct | checkboxPSP |
| Jaime | Moralez | jmoralez@sincorreo.com | April | 23 | 1988 | Spanish | Cali | 760030 | Colombia | Windows | Windiws 10 | Spanish | SinPass123456 | SinPass123456 | TRUE | TRUE | TRUE | [Jaime fill out form [Jaime enters 'Jaime' into Where do we write the first name, Jaime enters 'Moralez' into Where do we write the last name, Jaime enters 'jmoralez@sincorreo.com' into Where do we write the email, Jaime select April on What month were you born, Jaime select 23 on What bay were you born, Jaime select 1988 on What year were you born, Jaime clicks on What year were you born, Jaime enters 'Spanish' into What year were you born, Jaime clicks on Go to location], Jaime fill out form location [Jaime enters 'Cali' into Where do we write the city, Jaime enters '760030' into Where do we write the zip, Jaime clicks on Where do we write the country, Jaime enters 'Colombia' into Where do we write the country, Jaime clicks on Go to devices], Jaime fill out form devices [Jaime clicks on Where do we write the first name, Jaime enters 'Windows' into , Jaime clicks on , Jaime enters 'Windiws 10' into , Jaime clicks on , Jaime enters 'Spanish' into , Jaime clicks on ], Jaime fill out form complete [Jaime clicks on , Jaime enters 'SinPass123456' into , Jaime clicks on , Jaime enters 'SinPass123456' into , Jaime clicks on , Jaime clicks on , Jaime clicks on ]]
[Test worker] WARN net.thucydides.core.steps.BaseStepListener - stepStarted: net.thucydides.core.steps.ExecutedStepDescription@1c1a7e45
[Test worker] WARN net.thucydides.core.steps.BaseStepListener - stepFinished: current outcome:Create an account on utestcom:Given than Jaime wants to create an account on utestcom, he needs to click on the button Join Today [Jaime open up [Jaime opens the Utest page, Jaime clicks on button that show us the from to user create], Jaime open up [Jaime opens the Utest page, Jaime clicks on button that show us the from to user create]], When he watch the register form to create an account
| strFirstName | strLastName | strEmail | strBirthMonth | strBirthDay | strBirthYear | strLanguages | strCity | strZip | strCountry | strComputer | strVersion | strLanguageComputer | strPassword | strConfirmPassword | checkboxStayInfo | checkboxConduct | checkboxPSP |
| Jaime | Moralez | jmoralez@sincorreo.com | April | 23 | 1988 | Spanish | Cali | 760030 | Colombia | Windows | Windiws 10 | Spanish | SinPass123456 | SinPass123456 | TRUE | TRUE | TRUE | [Jaime fill out form [Jaime enters 'Jaime' into Where do we write the first name, Jaime enters 'Moralez' into Where do we write the last name, Jaime enters 'jmoralez@sincorreo.com' into Where do we write the email, Jaime select April on What month were you born, Jaime select 23 on What bay were you born, Jaime select 1988 on What year were you born, Jaime clicks on What year were you born, Jaime enters 'Spanish' into What year were you born, Jaime clicks on Go to location], Jaime fill out form location [Jaime enters 'Cali' into Where do we write the city, Jaime enters '760030' into Where do we write the zip, Jaime clicks on Where do we write the country, Jaime enters 'Colombia' into Where do we write the country, Jaime clicks on Go to devices], Jaime fill out form devices [Jaime clicks on Where do we write the first name, Jaime enters 'Windows' into , Jaime clicks on , Jaime enters 'Windiws 10' into , Jaime clicks on , Jaime enters 'Spanish' into , Jaime clicks on ], Jaime fill out form complete [Jaime clicks on , Jaime enters 'SinPass123456' into , Jaime clicks on , Jaime enters 'SinPass123456' into , Jaime clicks on , Jaime clicks on , Jaime clicks on ]], Then he can fill out the form and after register, he redirects to welcome page
[Test worker] WARN net.thucydides.core.steps.BaseStepListener - testFinished: Create an account on utestcom:Given than Jaime wants to create an account on utestcom, he needs to click on the button Join Today [Jaime open up [Jaime opens the Utest page, Jaime clicks on button that show us the from to user create], Jaime open up [Jaime opens the Utest page, Jaime clicks on button that show us the from to user create]], When he watch the register form to create an account
| strFirstName | strLastName | strEmail | strBirthMonth | strBirthDay | strBirthYear | strLanguages | strCity | strZip | strCountry | strComputer | strVersion | strLanguageComputer | strPassword | strConfirmPassword | checkboxStayInfo | checkboxConduct | checkboxPSP |
| Jaime | Moralez | jmoralez@sincorreo.com | April | 23 | 1988 | Spanish | Cali | 760030 | Colombia | Windows | Windiws 10 | Spanish | SinPass123456 | SinPass123456 | TRUE | TRUE | TRUE | [Jaime fill out form [Jaime enters 'Jaime' into Where do we write the first name, Jaime enters 'Moralez' into Where do we write the last name, Jaime enters 'jmoralez@sincorreo.com' into Where do we write the email, Jaime select April on What month were you born, Jaime select 23 on What bay were you born, Jaime select 1988 on What year were you born, Jaime clicks on What year were you born, Jaime enters 'Spanish' into What year were you born, Jaime clicks on Go to location], Jaime fill out form location [Jaime enters 'Cali' into Where do we write the city, Jaime enters '760030' into Where do we write the zip, Jaime clicks on Where do we write the country, Jaime enters 'Colombia' into Where do we write the country, Jaime clicks on Go to devices], Jaime fill out form devices [Jaime clicks on Where do we write the first name, Jaime enters 'Windows' into , Jaime clicks on , Jaime enters 'Windiws 10' into , Jaime clicks on , Jaime enters 'Spanish' into , Jaime clicks on ], Jaime fill out form complete [Jaime clicks on , Jaime enters 'SinPass123456' into , Jaime clicks on , Jaime enters 'SinPass123456' into , Jaime clicks on , Jaime clicks on , Jaime clicks on ]], Then he can fill out the form and after register, he redirects to welcome page
[Test worker] WARN net.thucydides.core.steps.BaseStepListener - TestOutcomes: [Create an account on utestcom:Given than Jaime wants to create an account on utestcom, he needs to click on the button Join Today [Jaime open up [Jaime opens the Utest page, Jaime clicks on button that show us the from to user create], Jaime open up [Jaime opens the Utest page, Jaime clicks on button that show us the from to user create]], When he watch the register form to create an account
| strFirstName | strLastName | strEmail | strBirthMonth | strBirthDay | strBirthYear | strLanguages | strCity | strZip | strCountry | strComputer | strVersion | strLanguageComputer | strPassword | strConfirmPassword | checkboxStayInfo | checkboxConduct | checkboxPSP |
| Jaime | Moralez | jmoralez@sincorreo.com | April | 23 | 1988 | Spanish | Cali | 760030 | Colombia | Windows | Windiws 10 | Spanish | SinPass123456 | SinPass123456 | TRUE | TRUE | TRUE | [Jaime fill out form [Jaime enters 'Jaime' into Where do we write the first name, Jaime enters 'Moralez' into Where do we write the last name, Jaime enters 'jmoralez@sincorreo.com' into Where do we write the email, Jaime select April on What month were you born, Jaime select 23 on What bay were you born, Jaime select 1988 on What year were you born, Jaime clicks on What year were you born, Jaime enters 'Spanish' into What year were you born, Jaime clicks on Go to location], Jaime fill out form location [Jaime enters 'Cali' into Where do we write the city, Jaime enters '760030' into Where do we write the zip, Jaime clicks on Where do we write the country, Jaime enters 'Colombia' into Where do we write the country, Jaime clicks on Go to devices], Jaime fill out form devices [Jaime clicks on Where do we write the first name, Jaime enters 'Windows' into , Jaime clicks on , Jaime enters 'Windiws 10' into , Jaime clicks on , Jaime enters 'Spanish' into , Jaime clicks on ], Jaime fill out form complete [Jaime clicks on , Jaime enters 'SinPass123456' into , Jaime clicks on , Jaime enters 'SinPass123456' into , Jaime clicks on , Jaime clicks on , Jaime clicks on ]], Then he can fill out the form and after register, he redirects to welcome page]
[Test worker] WARN net.thucydides.core.steps.BaseStepListener - Final testOutcomes: [Create an account on utestcom:Given than Jaime wants to create an account on utestcom, he needs to click on the button Join Today [Jaime open up [Jaime opens the Utest page, Jaime clicks on button that show us the from to user create], Jaime open up [Jaime opens the Utest page, Jaime clicks on button that show us the from to user create]], When he watch the register form to create an account
| strFirstName | strLastName | strEmail | strBirthMonth | strBirthDay | strBirthYear | strLanguages | strCity | strZip | strCountry | strComputer | strVersion | strLanguageComputer | strPassword | strConfirmPassword | checkboxStayInfo | checkboxConduct | checkboxPSP |
| Jaime | Moralez | jmoralez@sincorreo.com | April | 23 | 1988 | Spanish | Cali | 760030 | Colombia | Windows | Windiws 10 | Spanish | SinPass123456 | SinPass123456 | TRUE | TRUE | TRUE | [Jaime fill out form [Jaime enters 'Jaime' into Where do we write the first name, Jaime enters 'Moralez' into Where do we write the last name, Jaime enters 'jmoralez@sincorreo.com' into Where do we write the email, Jaime select April on What month were you born, Jaime select 23 on What bay were you born, Jaime select 1988 on What year were you born, Jaime clicks on What year were you born, Jaime enters 'Spanish' into What year were you born, Jaime clicks on Go to location], Jaime fill out form location [Jaime enters 'Cali' into Where do we write the city, Jaime enters '760030' into Where do we write the zip, Jaime clicks on Where do we write the country, Jaime enters 'Colombia' into Where do we write the country, Jaime clicks on Go to devices], Jaime fill out form devices [Jaime clicks on Where do we write the first name, Jaime enters 'Windows' into , Jaime clicks on , Jaime enters 'Windiws 10' into , Jaime clicks on , Jaime enters 'Spanish' into , Jaime clicks on ], Jaime fill out form complete [Jaime clicks on , Jaime enters 'SinPass123456' into , Jaime clicks on , Jaime enters 'SinPass123456' into , Jaime clicks on , Jaime clicks on , Jaime clicks on ]], Then he can fill out the form and after register, he redirects to welcome page]
[Test worker] INFO net.thucydides.core.steps.ConsoleLoggingListener - 
        __    _____ _____ ____ _____   ____   _    ____  ____  _____ ____  
  _     \ \  |_   _| ____/ ___|_   _| |  _ \ / \  / ___|/ ___|| ____|  _ \ 
 (_)_____| |   | | |  _| \___ \ | |   | |_) / _ \ \___ \\___ \|  _| | | | |
  _|_____| |   | | | |___ ___) || |   |  __/ ___ \ ___) |___) | |___| |_| |
 (_)     | |   |_| |_____|____/ |_|   |_| /_/   \_\____/|____/|_____|____/ 
        /_/                                                                

TEST PASSED: Create an account on utestcom
----------------------------------------------------------------------------
]]></system-err>
</testsuite>
