<?xml version="1.0" encoding="UTF-8"?>
<testsuite name="utest Page" tests="1" skipped="0" failures="0" errors="0" timestamp="2021-11-10T17:33:30" hostname="MacBook-Pro-de-Jonny.local" time="26.408">
  <properties/>
  <testcase name="Create an account on utestcom" classname="utest Page" time="26.408"/>
  <system-out><![CDATA[]]></system-out>
  <system-err><![CDATA[[Test worker] WARN net.thucydides.core.steps.BaseStepListener - stepStarted: net.thucydides.core.steps.ExecutedStepDescription@3dea6884
[Test worker] WARN net.thucydides.core.steps.BaseStepListener - stepStarted: net.thucydides.core.steps.ExecutedStepDescription@1863b890
[Test worker] WARN net.thucydides.core.steps.BaseStepListener - stepStarted: net.thucydides.core.steps.ExecutedStepDescription@3046fd59
nov 10, 2021 12:33:31 PM org.openqa.selenium.remote.DesiredCapabilities chrome
INFORMACIÓN: Using `new ChromeOptions()` is preferred to `DesiredCapabilities.chrome()`
[Test worker] INFO net.serenitybdd.core.webdriver.driverproviders.ProvideNewDriver - Instantiating driver
[Test worker] INFO net.serenitybdd.core.webdriver.driverproviders.ProvideNewDriver - Driver capabilities: Capabilities {acceptInsecureCerts: false, browserName: chrome, chrome.switches: --start-maximized, goog:chromeOptions: {args: [--start-maximized], extensions: []}, loggingPrefs: org.openqa.selenium.logging..., platform: ANY, version: }
Starting ChromeDriver 95.0.4638.69 (6a1600ed572fedecd573b6c2b90a22fe6392a410-refs/branch-heads/4638@{#984}) on port 10180
Only local connections are allowed.
Please see https://chromedriver.chromium.org/security-considerations for suggestions on keeping ChromeDriver safe.
ChromeDriver was started successfully.
nov 10, 2021 12:33:36 PM org.openqa.selenium.remote.ProtocolHandshake createSession
INFORMACIÓN: Detected dialect: W3C
[Test worker] WARN net.thucydides.core.steps.BaseStepListener - stepFinished: current outcome:Create an account on utestcom:Given than Jaime wants to create an account on utestcom, he needs to click on the button Join Today [Jaime open up [Jaime opens the Utest page]]
[Test worker] WARN net.thucydides.core.steps.BaseStepListener - stepStarted: net.thucydides.core.steps.ExecutedStepDescription@182231e
[Test worker] WARN net.thucydides.core.steps.BaseStepListener - stepFinished: current outcome:Create an account on utestcom:Given than Jaime wants to create an account on utestcom, he needs to click on the button Join Today [Jaime open up [Jaime opens the Utest page, Jaime clicks on button that show us the from to user create]]
[Test worker] WARN net.thucydides.core.steps.BaseStepListener - stepFinished: current outcome:Create an account on utestcom:Given than Jaime wants to create an account on utestcom, he needs to click on the button Join Today [Jaime open up [Jaime opens the Utest page, Jaime clicks on button that show us the from to user create]]
[Test worker] WARN net.thucydides.core.steps.BaseStepListener - stepStarted: net.thucydides.core.steps.ExecutedStepDescription@138039e8
[Test worker] WARN net.thucydides.core.steps.BaseStepListener - stepStarted: net.thucydides.core.steps.ExecutedStepDescription@60e52c28
[Test worker] WARN net.thucydides.core.steps.BaseStepListener - stepFinished: current outcome:Create an account on utestcom:Given than Jaime wants to create an account on utestcom, he needs to click on the button Join Today [Jaime open up [Jaime opens the Utest page, Jaime clicks on button that show us the from to user create], Jaime open up [Jaime opens the Utest page]]
[Test worker] WARN net.thucydides.core.steps.BaseStepListener - stepStarted: net.thucydides.core.steps.ExecutedStepDescription@711d55c0
[Test worker] WARN net.thucydides.core.steps.BaseStepListener - stepFinished: current outcome:Create an account on utestcom:Given than Jaime wants to create an account on utestcom, he needs to click on the button Join Today [Jaime open up [Jaime opens the Utest page, Jaime clicks on button that show us the from to user create], Jaime open up [Jaime opens the Utest page, Jaime clicks on button that show us the from to user create]]
[Test worker] WARN net.thucydides.core.steps.BaseStepListener - stepFinished: current outcome:Create an account on utestcom:Given than Jaime wants to create an account on utestcom, he needs to click on the button Join Today [Jaime open up [Jaime opens the Utest page, Jaime clicks on button that show us the from to user create], Jaime open up [Jaime opens the Utest page, Jaime clicks on button that show us the from to user create]]
[Test worker] WARN net.thucydides.core.steps.BaseStepListener - stepFinished: current outcome:Create an account on utestcom:Given than Jaime wants to create an account on utestcom, he needs to click on the button Join Today [Jaime open up [Jaime opens the Utest page, Jaime clicks on button that show us the from to user create], Jaime open up [Jaime opens the Utest page, Jaime clicks on button that show us the from to user create]]
[Test worker] WARN net.thucydides.core.steps.BaseStepListener - stepStarted: net.thucydides.core.steps.ExecutedStepDescription@5a14d6db
[Test worker] WARN net.thucydides.core.steps.BaseStepListener - stepStarted: net.thucydides.core.steps.ExecutedStepDescription@2051e36b
[Test worker] WARN net.thucydides.core.steps.BaseStepListener - stepStarted: net.thucydides.core.steps.ExecutedStepDescription@456aa3c5
[Test worker] WARN net.thucydides.core.steps.BaseStepListener - stepFinished: current outcome:Create an account on utestcom:Given than Jaime wants to create an account on utestcom, he needs to click on the button Join Today [Jaime open up [Jaime opens the Utest page, Jaime clicks on button that show us the from to user create], Jaime open up [Jaime opens the Utest page, Jaime clicks on button that show us the from to user create]], When he watch the register form to create an account
| strFirstName | strLastName | strEmail | strBirthMonth | strBirthDay | strBirthYear | strLanguages | strCity | strZip | strCountry | strComputer | strVersion | strLanguageComputer | strPassword | strConfirmPassword | checkboxStayInfo | checkboxConduct | checkboxPSP |
| Jaime | Moralez | jmoralez@sincorreo.com | April | 23 | 1988 | Spanish | Cali | 760030 | Colombia | Windows | Windiws 10 | Spanish | SinPass123456 | SinPass123456 | TRUE | TRUE | TRUE | [Jaime fill out form [Jaime enters 'Jaime' into Where do we write the first name]]
[Test worker] WARN net.thucydides.core.steps.BaseStepListener - stepStarted: net.thucydides.core.steps.ExecutedStepDescription@62d711c8
[Test worker] WARN net.thucydides.core.steps.BaseStepListener - stepFinished: current outcome:Create an account on utestcom:Given than Jaime wants to create an account on utestcom, he needs to click on the button Join Today [Jaime open up [Jaime opens the Utest page, Jaime clicks on button that show us the from to user create], Jaime open up [Jaime opens the Utest page, Jaime clicks on button that show us the from to user create]], When he watch the register form to create an account
| strFirstName | strLastName | strEmail | strBirthMonth | strBirthDay | strBirthYear | strLanguages | strCity | strZip | strCountry | strComputer | strVersion | strLanguageComputer | strPassword | strConfirmPassword | checkboxStayInfo | checkboxConduct | checkboxPSP |
| Jaime | Moralez | jmoralez@sincorreo.com | April | 23 | 1988 | Spanish | Cali | 760030 | Colombia | Windows | Windiws 10 | Spanish | SinPass123456 | SinPass123456 | TRUE | TRUE | TRUE | [Jaime fill out form [Jaime enters 'Jaime' into Where do we write the first name, Jaime enters 'Moralez' into Where do we write the last name]]
[Test worker] WARN net.thucydides.core.steps.BaseStepListener - stepStarted: net.thucydides.core.steps.ExecutedStepDescription@2d371eaa
[Test worker] WARN net.thucydides.core.steps.BaseStepListener - stepFinished: current outcome:Create an account on utestcom:Given than Jaime wants to create an account on utestcom, he needs to click on the button Join Today [Jaime open up [Jaime opens the Utest page, Jaime clicks on button that show us the from to user create], Jaime open up [Jaime opens the Utest page, Jaime clicks on button that show us the from to user create]], When he watch the register form to create an account
| strFirstName | strLastName | strEmail | strBirthMonth | strBirthDay | strBirthYear | strLanguages | strCity | strZip | strCountry | strComputer | strVersion | strLanguageComputer | strPassword | strConfirmPassword | checkboxStayInfo | checkboxConduct | checkboxPSP |
| Jaime | Moralez | jmoralez@sincorreo.com | April | 23 | 1988 | Spanish | Cali | 760030 | Colombia | Windows | Windiws 10 | Spanish | SinPass123456 | SinPass123456 | TRUE | TRUE | TRUE | [Jaime fill out form [Jaime enters 'Jaime' into Where do we write the first name, Jaime enters 'Moralez' into Where do we write the last name, Jaime enters 'jmoralez@sincorreo.com' into Where do we write the email]]
[Test worker] WARN net.thucydides.core.steps.BaseStepListener - stepStarted: net.thucydides.core.steps.ExecutedStepDescription@5aff59cd
[Test worker] WARN net.thucydides.core.steps.BaseStepListener - stepFinished: current outcome:Create an account on utestcom:Given than Jaime wants to create an account on utestcom, he needs to click on the button Join Today [Jaime open up [Jaime opens the Utest page, Jaime clicks on button that show us the from to user create], Jaime open up [Jaime opens the Utest page, Jaime clicks on button that show us the from to user create]], When he watch the register form to create an account
| strFirstName | strLastName | strEmail | strBirthMonth | strBirthDay | strBirthYear | strLanguages | strCity | strZip | strCountry | strComputer | strVersion | strLanguageComputer | strPassword | strConfirmPassword | checkboxStayInfo | checkboxConduct | checkboxPSP |
| Jaime | Moralez | jmoralez@sincorreo.com | April | 23 | 1988 | Spanish | Cali | 760030 | Colombia | Windows | Windiws 10 | Spanish | SinPass123456 | SinPass123456 | TRUE | TRUE | TRUE | [Jaime fill out form [Jaime enters 'Jaime' into Where do we write the first name, Jaime enters 'Moralez' into Where do we write the last name, Jaime enters 'jmoralez@sincorreo.com' into Where do we write the email, Jaime select April on What month were you born]]
[Test worker] WARN net.thucydides.core.steps.BaseStepListener - stepStarted: net.thucydides.core.steps.ExecutedStepDescription@5c2edd9e
[Test worker] WARN net.thucydides.core.steps.BaseStepListener - stepFinished: current outcome:Create an account on utestcom:Given than Jaime wants to create an account on utestcom, he needs to click on the button Join Today [Jaime open up [Jaime opens the Utest page, Jaime clicks on button that show us the from to user create], Jaime open up [Jaime opens the Utest page, Jaime clicks on button that show us the from to user create]], When he watch the register form to create an account
| strFirstName | strLastName | strEmail | strBirthMonth | strBirthDay | strBirthYear | strLanguages | strCity | strZip | strCountry | strComputer | strVersion | strLanguageComputer | strPassword | strConfirmPassword | checkboxStayInfo | checkboxConduct | checkboxPSP |
| Jaime | Moralez | jmoralez@sincorreo.com | April | 23 | 1988 | Spanish | Cali | 760030 | Colombia | Windows | Windiws 10 | Spanish | SinPass123456 | SinPass123456 | TRUE | TRUE | TRUE | [Jaime fill out form [Jaime enters 'Jaime' into Where do we write the first name, Jaime enters 'Moralez' into Where do we write the last name, Jaime enters 'jmoralez@sincorreo.com' into Where do we write the email, Jaime select April on What month were you born, Jaime select 23 on What bay were you born]]
[Test worker] WARN net.thucydides.core.steps.BaseStepListener - stepStarted: net.thucydides.core.steps.ExecutedStepDescription@6d389884
[Test worker] WARN net.thucydides.core.steps.BaseStepListener - stepFinished: current outcome:Create an account on utestcom:Given than Jaime wants to create an account on utestcom, he needs to click on the button Join Today [Jaime open up [Jaime opens the Utest page, Jaime clicks on button that show us the from to user create], Jaime open up [Jaime opens the Utest page, Jaime clicks on button that show us the from to user create]], When he watch the register form to create an account
| strFirstName | strLastName | strEmail | strBirthMonth | strBirthDay | strBirthYear | strLanguages | strCity | strZip | strCountry | strComputer | strVersion | strLanguageComputer | strPassword | strConfirmPassword | checkboxStayInfo | checkboxConduct | checkboxPSP |
| Jaime | Moralez | jmoralez@sincorreo.com | April | 23 | 1988 | Spanish | Cali | 760030 | Colombia | Windows | Windiws 10 | Spanish | SinPass123456 | SinPass123456 | TRUE | TRUE | TRUE | [Jaime fill out form [Jaime enters 'Jaime' into Where do we write the first name, Jaime enters 'Moralez' into Where do we write the last name, Jaime enters 'jmoralez@sincorreo.com' into Where do we write the email, Jaime select April on What month were you born, Jaime select 23 on What bay were you born, Jaime select 1988 on What year were you born]]
[Test worker] WARN net.thucydides.core.steps.BaseStepListener - stepStarted: net.thucydides.core.steps.ExecutedStepDescription@5fde894c
[Test worker] WARN net.thucydides.core.steps.BaseStepListener - stepFinished: current outcome:Create an account on utestcom:Given than Jaime wants to create an account on utestcom, he needs to click on the button Join Today [Jaime open up [Jaime opens the Utest page, Jaime clicks on button that show us the from to user create], Jaime open up [Jaime opens the Utest page, Jaime clicks on button that show us the from to user create]], When he watch the register form to create an account
| strFirstName | strLastName | strEmail | strBirthMonth | strBirthDay | strBirthYear | strLanguages | strCity | strZip | strCountry | strComputer | strVersion | strLanguageComputer | strPassword | strConfirmPassword | checkboxStayInfo | checkboxConduct | checkboxPSP |
| Jaime | Moralez | jmoralez@sincorreo.com | April | 23 | 1988 | Spanish | Cali | 760030 | Colombia | Windows | Windiws 10 | Spanish | SinPass123456 | SinPass123456 | TRUE | TRUE | TRUE | [Jaime fill out form [Jaime enters 'Jaime' into Where do we write the first name, Jaime enters 'Moralez' into Where do we write the last name, Jaime enters 'jmoralez@sincorreo.com' into Where do we write the email, Jaime select April on What month were you born, Jaime select 23 on What bay were you born, Jaime select 1988 on What year were you born, Jaime clicks on Go to location]]
[Test worker] WARN net.thucydides.core.steps.BaseStepListener - stepFinished: current outcome:Create an account on utestcom:Given than Jaime wants to create an account on utestcom, he needs to click on the button Join Today [Jaime open up [Jaime opens the Utest page, Jaime clicks on button that show us the from to user create], Jaime open up [Jaime opens the Utest page, Jaime clicks on button that show us the from to user create]], When he watch the register form to create an account
| strFirstName | strLastName | strEmail | strBirthMonth | strBirthDay | strBirthYear | strLanguages | strCity | strZip | strCountry | strComputer | strVersion | strLanguageComputer | strPassword | strConfirmPassword | checkboxStayInfo | checkboxConduct | checkboxPSP |
| Jaime | Moralez | jmoralez@sincorreo.com | April | 23 | 1988 | Spanish | Cali | 760030 | Colombia | Windows | Windiws 10 | Spanish | SinPass123456 | SinPass123456 | TRUE | TRUE | TRUE | [Jaime fill out form [Jaime enters 'Jaime' into Where do we write the first name, Jaime enters 'Moralez' into Where do we write the last name, Jaime enters 'jmoralez@sincorreo.com' into Where do we write the email, Jaime select April on What month were you born, Jaime select 23 on What bay were you born, Jaime select 1988 on What year were you born, Jaime clicks on Go to location]]
[Test worker] WARN net.thucydides.core.steps.BaseStepListener - stepStarted: net.thucydides.core.steps.ExecutedStepDescription@3546e49f
[Test worker] WARN net.thucydides.core.steps.BaseStepListener - stepStarted: net.thucydides.core.steps.ExecutedStepDescription@132712f4
[Test worker] WARN net.thucydides.core.steps.BaseStepListener - stepFinished: current outcome:Create an account on utestcom:Given than Jaime wants to create an account on utestcom, he needs to click on the button Join Today [Jaime open up [Jaime opens the Utest page, Jaime clicks on button that show us the from to user create], Jaime open up [Jaime opens the Utest page, Jaime clicks on button that show us the from to user create]], When he watch the register form to create an account
| strFirstName | strLastName | strEmail | strBirthMonth | strBirthDay | strBirthYear | strLanguages | strCity | strZip | strCountry | strComputer | strVersion | strLanguageComputer | strPassword | strConfirmPassword | checkboxStayInfo | checkboxConduct | checkboxPSP |
| Jaime | Moralez | jmoralez@sincorreo.com | April | 23 | 1988 | Spanish | Cali | 760030 | Colombia | Windows | Windiws 10 | Spanish | SinPass123456 | SinPass123456 | TRUE | TRUE | TRUE | [Jaime fill out form [Jaime enters 'Jaime' into Where do we write the first name, Jaime enters 'Moralez' into Where do we write the last name, Jaime enters 'jmoralez@sincorreo.com' into Where do we write the email, Jaime select April on What month were you born, Jaime select 23 on What bay were you born, Jaime select 1988 on What year were you born, Jaime clicks on Go to location], Jaime fill out form location [Jaime enters 'Cali' into Where do we write the city]]
[Test worker] WARN net.thucydides.core.steps.BaseStepListener - stepStarted: net.thucydides.core.steps.ExecutedStepDescription@3cbd4ce0
[Test worker] WARN net.thucydides.core.steps.BaseStepListener - stepFinished: current outcome:Create an account on utestcom:Given than Jaime wants to create an account on utestcom, he needs to click on the button Join Today [Jaime open up [Jaime opens the Utest page, Jaime clicks on button that show us the from to user create], Jaime open up [Jaime opens the Utest page, Jaime clicks on button that show us the from to user create]], When he watch the register form to create an account
| strFirstName | strLastName | strEmail | strBirthMonth | strBirthDay | strBirthYear | strLanguages | strCity | strZip | strCountry | strComputer | strVersion | strLanguageComputer | strPassword | strConfirmPassword | checkboxStayInfo | checkboxConduct | checkboxPSP |
| Jaime | Moralez | jmoralez@sincorreo.com | April | 23 | 1988 | Spanish | Cali | 760030 | Colombia | Windows | Windiws 10 | Spanish | SinPass123456 | SinPass123456 | TRUE | TRUE | TRUE | [Jaime fill out form [Jaime enters 'Jaime' into Where do we write the first name, Jaime enters 'Moralez' into Where do we write the last name, Jaime enters 'jmoralez@sincorreo.com' into Where do we write the email, Jaime select April on What month were you born, Jaime select 23 on What bay were you born, Jaime select 1988 on What year were you born, Jaime clicks on Go to location], Jaime fill out form location [Jaime enters 'Cali' into Where do we write the city, Jaime enters '760030' into Where do we write the zip]]
[Test worker] WARN net.thucydides.core.steps.BaseStepListener - stepStarted: net.thucydides.core.steps.ExecutedStepDescription@573caf97
[Test worker] WARN net.thucydides.core.steps.BaseStepListener - stepFinished: current outcome:Create an account on utestcom:Given than Jaime wants to create an account on utestcom, he needs to click on the button Join Today [Jaime open up [Jaime opens the Utest page, Jaime clicks on button that show us the from to user create], Jaime open up [Jaime opens the Utest page, Jaime clicks on button that show us the from to user create]], When he watch the register form to create an account
| strFirstName | strLastName | strEmail | strBirthMonth | strBirthDay | strBirthYear | strLanguages | strCity | strZip | strCountry | strComputer | strVersion | strLanguageComputer | strPassword | strConfirmPassword | checkboxStayInfo | checkboxConduct | checkboxPSP |
| Jaime | Moralez | jmoralez@sincorreo.com | April | 23 | 1988 | Spanish | Cali | 760030 | Colombia | Windows | Windiws 10 | Spanish | SinPass123456 | SinPass123456 | TRUE | TRUE | TRUE | [Jaime fill out form [Jaime enters 'Jaime' into Where do we write the first name, Jaime enters 'Moralez' into Where do we write the last name, Jaime enters 'jmoralez@sincorreo.com' into Where do we write the email, Jaime select April on What month were you born, Jaime select 23 on What bay were you born, Jaime select 1988 on What year were you born, Jaime clicks on Go to location], Jaime fill out form location [Jaime enters 'Cali' into Where do we write the city, Jaime enters '760030' into Where do we write the zip, Jaime clicks on Go to devices]]
[Test worker] WARN net.thucydides.core.steps.BaseStepListener - stepFinished: current outcome:Create an account on utestcom:Given than Jaime wants to create an account on utestcom, he needs to click on the button Join Today [Jaime open up [Jaime opens the Utest page, Jaime clicks on button that show us the from to user create], Jaime open up [Jaime opens the Utest page, Jaime clicks on button that show us the from to user create]], When he watch the register form to create an account
| strFirstName | strLastName | strEmail | strBirthMonth | strBirthDay | strBirthYear | strLanguages | strCity | strZip | strCountry | strComputer | strVersion | strLanguageComputer | strPassword | strConfirmPassword | checkboxStayInfo | checkboxConduct | checkboxPSP |
| Jaime | Moralez | jmoralez@sincorreo.com | April | 23 | 1988 | Spanish | Cali | 760030 | Colombia | Windows | Windiws 10 | Spanish | SinPass123456 | SinPass123456 | TRUE | TRUE | TRUE | [Jaime fill out form [Jaime enters 'Jaime' into Where do we write the first name, Jaime enters 'Moralez' into Where do we write the last name, Jaime enters 'jmoralez@sincorreo.com' into Where do we write the email, Jaime select April on What month were you born, Jaime select 23 on What bay were you born, Jaime select 1988 on What year were you born, Jaime clicks on Go to location], Jaime fill out form location [Jaime enters 'Cali' into Where do we write the city, Jaime enters '760030' into Where do we write the zip, Jaime clicks on Go to devices]]
[Test worker] WARN net.thucydides.core.steps.BaseStepListener - stepFinished: current outcome:Create an account on utestcom:Given than Jaime wants to create an account on utestcom, he needs to click on the button Join Today [Jaime open up [Jaime opens the Utest page, Jaime clicks on button that show us the from to user create], Jaime open up [Jaime opens the Utest page, Jaime clicks on button that show us the from to user create]], When he watch the register form to create an account
| strFirstName | strLastName | strEmail | strBirthMonth | strBirthDay | strBirthYear | strLanguages | strCity | strZip | strCountry | strComputer | strVersion | strLanguageComputer | strPassword | strConfirmPassword | checkboxStayInfo | checkboxConduct | checkboxPSP |
| Jaime | Moralez | jmoralez@sincorreo.com | April | 23 | 1988 | Spanish | Cali | 760030 | Colombia | Windows | Windiws 10 | Spanish | SinPass123456 | SinPass123456 | TRUE | TRUE | TRUE | [Jaime fill out form [Jaime enters 'Jaime' into Where do we write the first name, Jaime enters 'Moralez' into Where do we write the last name, Jaime enters 'jmoralez@sincorreo.com' into Where do we write the email, Jaime select April on What month were you born, Jaime select 23 on What bay were you born, Jaime select 1988 on What year were you born, Jaime clicks on Go to location], Jaime fill out form location [Jaime enters 'Cali' into Where do we write the city, Jaime enters '760030' into Where do we write the zip, Jaime clicks on Go to devices]]
[Test worker] WARN net.thucydides.core.steps.BaseStepListener - stepStarted: net.thucydides.core.steps.ExecutedStepDescription@550de249
[Test worker] WARN net.thucydides.core.steps.BaseStepListener - stepFinished: current outcome:Create an account on utestcom:Given than Jaime wants to create an account on utestcom, he needs to click on the button Join Today [Jaime open up [Jaime opens the Utest page, Jaime clicks on button that show us the from to user create], Jaime open up [Jaime opens the Utest page, Jaime clicks on button that show us the from to user create]], When he watch the register form to create an account
| strFirstName | strLastName | strEmail | strBirthMonth | strBirthDay | strBirthYear | strLanguages | strCity | strZip | strCountry | strComputer | strVersion | strLanguageComputer | strPassword | strConfirmPassword | checkboxStayInfo | checkboxConduct | checkboxPSP |
| Jaime | Moralez | jmoralez@sincorreo.com | April | 23 | 1988 | Spanish | Cali | 760030 | Colombia | Windows | Windiws 10 | Spanish | SinPass123456 | SinPass123456 | TRUE | TRUE | TRUE | [Jaime fill out form [Jaime enters 'Jaime' into Where do we write the first name, Jaime enters 'Moralez' into Where do we write the last name, Jaime enters 'jmoralez@sincorreo.com' into Where do we write the email, Jaime select April on What month were you born, Jaime select 23 on What bay were you born, Jaime select 1988 on What year were you born, Jaime clicks on Go to location], Jaime fill out form location [Jaime enters 'Cali' into Where do we write the city, Jaime enters '760030' into Where do we write the zip, Jaime clicks on Go to devices]], Then he can fill out the form and after register, he redirects to welcome page
[Test worker] WARN net.thucydides.core.steps.BaseStepListener - testFinished: Create an account on utestcom:Given than Jaime wants to create an account on utestcom, he needs to click on the button Join Today [Jaime open up [Jaime opens the Utest page, Jaime clicks on button that show us the from to user create], Jaime open up [Jaime opens the Utest page, Jaime clicks on button that show us the from to user create]], When he watch the register form to create an account
| strFirstName | strLastName | strEmail | strBirthMonth | strBirthDay | strBirthYear | strLanguages | strCity | strZip | strCountry | strComputer | strVersion | strLanguageComputer | strPassword | strConfirmPassword | checkboxStayInfo | checkboxConduct | checkboxPSP |
| Jaime | Moralez | jmoralez@sincorreo.com | April | 23 | 1988 | Spanish | Cali | 760030 | Colombia | Windows | Windiws 10 | Spanish | SinPass123456 | SinPass123456 | TRUE | TRUE | TRUE | [Jaime fill out form [Jaime enters 'Jaime' into Where do we write the first name, Jaime enters 'Moralez' into Where do we write the last name, Jaime enters 'jmoralez@sincorreo.com' into Where do we write the email, Jaime select April on What month were you born, Jaime select 23 on What bay were you born, Jaime select 1988 on What year were you born, Jaime clicks on Go to location], Jaime fill out form location [Jaime enters 'Cali' into Where do we write the city, Jaime enters '760030' into Where do we write the zip, Jaime clicks on Go to devices]], Then he can fill out the form and after register, he redirects to welcome page
[Test worker] WARN net.thucydides.core.steps.BaseStepListener - TestOutcomes: [Create an account on utestcom:Given than Jaime wants to create an account on utestcom, he needs to click on the button Join Today [Jaime open up [Jaime opens the Utest page, Jaime clicks on button that show us the from to user create], Jaime open up [Jaime opens the Utest page, Jaime clicks on button that show us the from to user create]], When he watch the register form to create an account
| strFirstName | strLastName | strEmail | strBirthMonth | strBirthDay | strBirthYear | strLanguages | strCity | strZip | strCountry | strComputer | strVersion | strLanguageComputer | strPassword | strConfirmPassword | checkboxStayInfo | checkboxConduct | checkboxPSP |
| Jaime | Moralez | jmoralez@sincorreo.com | April | 23 | 1988 | Spanish | Cali | 760030 | Colombia | Windows | Windiws 10 | Spanish | SinPass123456 | SinPass123456 | TRUE | TRUE | TRUE | [Jaime fill out form [Jaime enters 'Jaime' into Where do we write the first name, Jaime enters 'Moralez' into Where do we write the last name, Jaime enters 'jmoralez@sincorreo.com' into Where do we write the email, Jaime select April on What month were you born, Jaime select 23 on What bay were you born, Jaime select 1988 on What year were you born, Jaime clicks on Go to location], Jaime fill out form location [Jaime enters 'Cali' into Where do we write the city, Jaime enters '760030' into Where do we write the zip, Jaime clicks on Go to devices]], Then he can fill out the form and after register, he redirects to welcome page]
[Test worker] WARN net.thucydides.core.steps.BaseStepListener - Final testOutcomes: [Create an account on utestcom:Given than Jaime wants to create an account on utestcom, he needs to click on the button Join Today [Jaime open up [Jaime opens the Utest page, Jaime clicks on button that show us the from to user create], Jaime open up [Jaime opens the Utest page, Jaime clicks on button that show us the from to user create]], When he watch the register form to create an account
| strFirstName | strLastName | strEmail | strBirthMonth | strBirthDay | strBirthYear | strLanguages | strCity | strZip | strCountry | strComputer | strVersion | strLanguageComputer | strPassword | strConfirmPassword | checkboxStayInfo | checkboxConduct | checkboxPSP |
| Jaime | Moralez | jmoralez@sincorreo.com | April | 23 | 1988 | Spanish | Cali | 760030 | Colombia | Windows | Windiws 10 | Spanish | SinPass123456 | SinPass123456 | TRUE | TRUE | TRUE | [Jaime fill out form [Jaime enters 'Jaime' into Where do we write the first name, Jaime enters 'Moralez' into Where do we write the last name, Jaime enters 'jmoralez@sincorreo.com' into Where do we write the email, Jaime select April on What month were you born, Jaime select 23 on What bay were you born, Jaime select 1988 on What year were you born, Jaime clicks on Go to location], Jaime fill out form location [Jaime enters 'Cali' into Where do we write the city, Jaime enters '760030' into Where do we write the zip, Jaime clicks on Go to devices]], Then he can fill out the form and after register, he redirects to welcome page]
[Test worker] INFO net.thucydides.core.steps.ConsoleLoggingListener - 
        __    _____ _____ ____ _____   ____   _    ____  ____  _____ ____  
  _     \ \  |_   _| ____/ ___|_   _| |  _ \ / \  / ___|/ ___|| ____|  _ \ 
 (_)_____| |   | | |  _| \___ \ | |   | |_) / _ \ \___ \\___ \|  _| | | | |
  _|_____| |   | | | |___ ___) || |   |  __/ ___ \ ___) |___) | |___| |_| |
 (_)     | |   |_| |_____|____/ |_|   |_| /_/   \_\____/|____/|_____|____/ 
        /_/                                                                

TEST PASSED: Create an account on utestcom
----------------------------------------------------------------------------
]]></system-err>
</testsuite>
